{"timestamp": "2025-12-01T20:22:07.265355", "level": "INFO", "logger": "assistant.asr", "message": "ML Event: prediction", "module": "logger", "function": "log_ml_event", "line": 122, "event_type": "prediction", "input_text": "", "prediction": "open Chrome", "confidence": 1.0, "processing_time_ms": 607.9881191253662}
{"timestamp": "2025-12-01T20:22:07.265651", "level": "INFO", "logger": "assistant.asr", "message": "Google ASR successful: 'open Chrome' in 0.608s", "module": "speech_enhanced", "function": "_recognize_speech", "line": 509}
{"timestamp": "2025-12-01T20:22:07.265738", "level": "INFO", "logger": "assistant.asr", "message": "Audio processed, recognized text: 'open Chrome'", "module": "speech_enhanced", "function": "_audio_callback", "line": 294}
{"timestamp": "2025-12-01T20:22:07.270927", "level": "DEBUG", "logger": "assistant.asr", "message": "No text corrections needed, confidence: 0.97", "module": "speech_enhanced", "function": "_audio_callback", "line": 333}
{"timestamp": "2025-12-01T20:22:14.019650", "level": "INFO", "logger": "assistant.asr", "message": "ML Event: prediction", "module": "logger", "function": "log_ml_event", "line": 122, "event_type": "prediction", "input_text": "", "prediction": "Jarvis open", "confidence": 1.0, "processing_time_ms": 852.3597717285156}
{"timestamp": "2025-12-01T20:22:14.019813", "level": "INFO", "logger": "assistant.asr", "message": "Google ASR successful: 'Jarvis open' in 0.852s", "module": "speech_enhanced", "function": "_recognize_speech", "line": 509}
{"timestamp": "2025-12-01T20:22:14.019874", "level": "INFO", "logger": "assistant.asr", "message": "Audio processed, recognized text: 'Jarvis open'", "module": "speech_enhanced", "function": "_audio_callback", "line": 294}
{"timestamp": "2025-12-01T20:22:14.021193", "level": "INFO", "logger": "assistant.asr", "message": "Text corrections applied: 1 corrections, confidence: 1.00", "module": "speech_enhanced", "function": "_audio_callback", "line": 330}
{"timestamp": "2025-12-01T20:22:15.123159", "level": "INFO", "logger": "assistant.asr", "message": "Wake word 'jarvis' detected", "module": "speech_enhanced", "function": "_audio_callback", "line": 368}
{"timestamp": "2025-12-01T20:22:15.123324", "level": "INFO", "logger": "assistant.asr", "message": "Processing command after wake word: 'open'", "module": "speech_enhanced", "function": "_audio_callback", "line": 379}
{"timestamp": "2025-12-01T20:22:25.894059", "level": "DEBUG", "logger": "assistant.asr", "message": "Google ASR: no speech detected", "module": "speech_enhanced", "function": "_recognize_speech", "line": 513}
{"timestamp": "2025-12-01T20:22:26.989530", "level": "INFO", "logger": "assistant.asr", "message": "ML ASR successful (fallback=True): 'I'm sure what you mean.'", "module": "speech_enhanced", "function": "_recognize_speech", "line": 535}
{"timestamp": "2025-12-01T20:22:26.989673", "level": "INFO", "logger": "assistant.asr", "message": "Audio processed, recognized text: 'I'm sure what you mean.'", "module": "speech_enhanced", "function": "_audio_callback", "line": 294}
{"timestamp": "2025-12-01T20:22:26.993705", "level": "INFO", "logger": "assistant.asr", "message": "Text corrections applied: 0 corrections, confidence: 1.00", "module": "speech_enhanced", "function": "_audio_callback", "line": 330}
{"timestamp": "2025-12-01T20:22:31.476018", "level": "INFO", "logger": "assistant.asr", "message": "ML Event: prediction", "module": "logger", "function": "log_ml_event", "line": 122, "event_type": "prediction", "input_text": "", "prediction": "open edge Jarvis open edge", "confidence": 1.0, "processing_time_ms": 878.86643409729}
{"timestamp": "2025-12-01T20:22:31.476172", "level": "INFO", "logger": "assistant.asr", "message": "Google ASR successful: 'open edge Jarvis open edge' in 0.879s", "module": "speech_enhanced", "function": "_recognize_speech", "line": 509}
{"timestamp": "2025-12-01T20:22:31.476220", "level": "INFO", "logger": "assistant.asr", "message": "Audio processed, recognized text: 'open edge Jarvis open edge'", "module": "speech_enhanced", "function": "_audio_callback", "line": 294}
{"timestamp": "2025-12-01T20:22:31.478854", "level": "INFO", "logger": "assistant.asr", "message": "Text corrections applied: 4 corrections, confidence: 0.95", "module": "speech_enhanced", "function": "_audio_callback", "line": 330}
{"timestamp": "2025-12-01T20:22:32.580330", "level": "INFO", "logger": "assistant.asr", "message": "Wake word 'jarvis' detected", "module": "speech_enhanced", "function": "_audio_callback", "line": 368}
{"timestamp": "2025-12-01T20:22:32.580485", "level": "INFO", "logger": "assistant.asr", "message": "Processing command after wake word: 'open edge  open edge'", "module": "speech_enhanced", "function": "_audio_callback", "line": 379}
{"timestamp": "2025-12-01T20:22:36.962567", "level": "INFO", "logger": "assistant.asr", "message": "ML Event: prediction", "module": "logger", "function": "log_ml_event", "line": 122, "event_type": "prediction", "input_text": "", "prediction": "yes sir", "confidence": 1.0, "processing_time_ms": 735.410213470459}
{"timestamp": "2025-12-01T20:22:36.962766", "level": "INFO", "logger": "assistant.asr", "message": "Google ASR successful: 'yes sir' in 0.735s", "module": "speech_enhanced", "function": "_recognize_speech", "line": 509}
{"timestamp": "2025-12-01T20:22:36.962836", "level": "INFO", "logger": "assistant.asr", "message": "Audio processed, recognized text: 'yes sir'", "module": "speech_enhanced", "function": "_audio_callback", "line": 294}
{"timestamp": "2025-12-01T20:22:36.965129", "level": "DEBUG", "logger": "assistant.asr", "message": "No text corrections needed, confidence: 1.00", "module": "speech_enhanced", "function": "_audio_callback", "line": 333}
{"timestamp": "2025-12-01T20:22:43.394023", "level": "DEBUG", "logger": "assistant.asr", "message": "Google ASR: no speech detected", "module": "speech_enhanced", "function": "_recognize_speech", "line": 513}
{"timestamp": "2025-12-01T20:22:44.139143", "level": "INFO", "logger": "assistant.asr", "message": "ML ASR successful (fallback=True): 'Open. Good. Great. Glad I understood correctly.'", "module": "speech_enhanced", "function": "_recognize_speech", "line": 535}
{"timestamp": "2025-12-01T20:22:44.139307", "level": "INFO", "logger": "assistant.asr", "message": "Audio processed, recognized text: 'Open. Good. Great. Glad I understood correctly.'", "module": "speech_enhanced", "function": "_audio_callback", "line": 294}
{"timestamp": "2025-12-01T20:22:44.148075", "level": "INFO", "logger": "assistant.asr", "message": "Text corrections applied: 2 corrections, confidence: 0.90", "module": "speech_enhanced", "function": "_audio_callback", "line": 330}
{"timestamp": "2025-12-01T20:22:47.267756", "level": "DEBUG", "logger": "assistant.asr", "message": "Google ASR: no speech detected", "module": "speech_enhanced", "function": "_recognize_speech", "line": 513}
{"timestamp": "2025-12-01T20:22:47.882054", "level": "INFO", "logger": "assistant.asr", "message": "ML ASR successful (fallback=True): 'I'm known.'", "module": "speech_enhanced", "function": "_recognize_speech", "line": 535}
{"timestamp": "2025-12-01T20:22:47.882224", "level": "INFO", "logger": "assistant.asr", "message": "Audio processed, recognized text: 'I'm known.'", "module": "speech_enhanced", "function": "_audio_callback", "line": 294}
{"timestamp": "2025-12-01T20:22:47.884078", "level": "INFO", "logger": "assistant.asr", "message": "Text corrections applied: 0 corrections, confidence: 1.00", "module": "speech_enhanced", "function": "_audio_callback", "line": 330}
{"timestamp": "2025-12-01T20:22:53.557735", "level": "DEBUG", "logger": "assistant.asr", "message": "Google ASR: no speech detected", "module": "speech_enhanced", "function": "_recognize_speech", "line": 513}
{"timestamp": "2025-12-01T20:22:54.227497", "level": "INFO", "logger": "assistant.asr", "message": "ML ASR successful (fallback=True): 'Thank you for letting me know.'", "module": "speech_enhanced", "function": "_recognize_speech", "line": 535}
{"timestamp": "2025-12-01T20:22:54.227642", "level": "INFO", "logger": "assistant.asr", "message": "Audio processed, recognized text: 'Thank you for letting me know.'", "module": "speech_enhanced", "function": "_audio_callback", "line": 294}
{"timestamp": "2025-12-01T20:22:54.233194", "level": "INFO", "logger": "assistant.asr", "message": "Text corrections applied: 2 corrections, confidence: 0.78", "module": "speech_enhanced", "function": "_audio_callback", "line": 330}
{"timestamp": "2025-12-01T20:22:59.894734", "level": "DEBUG", "logger": "assistant.asr", "message": "Google ASR: no speech detected", "module": "speech_enhanced", "function": "_recognize_speech", "line": 513}
{"timestamp": "2025-12-01T20:23:00.645123", "level": "INFO", "logger": "assistant.asr", "message": "ML ASR successful (fallback=True): 'That command didn't work as expected.'", "module": "speech_enhanced", "function": "_recognize_speech", "line": 535}
{"timestamp": "2025-12-01T20:23:00.645270", "level": "INFO", "logger": "assistant.asr", "message": "Audio processed, recognized text: 'That command didn't work as expected.'", "module": "speech_enhanced", "function": "_audio_callback", "line": 294}
{"timestamp": "2025-12-01T20:23:00.652474", "level": "INFO", "logger": "assistant.asr", "message": "Text corrections applied: 1 corrections, confidence: 0.75", "module": "speech_enhanced", "function": "_audio_callback", "line": 330}
{"timestamp": "2025-12-01T20:23:05.210371", "level": "INFO", "logger": "assistant.asr", "message": "ML Event: prediction", "module": "logger", "function": "log_ml_event", "line": 122, "event_type": "prediction", "input_text": "", "prediction": "thanks for letting me now", "confidence": 1.0, "processing_time_ms": 703.315019607544}
{"timestamp": "2025-12-01T20:23:05.210510", "level": "INFO", "logger": "assistant.asr", "message": "Google ASR successful: 'thanks for letting me now' in 0.703s", "module": "speech_enhanced", "function": "_recognize_speech", "line": 509}
{"timestamp": "2025-12-01T20:23:05.210558", "level": "INFO", "logger": "assistant.asr", "message": "Audio processed, recognized text: 'thanks for letting me now'", "module": "speech_enhanced", "function": "_audio_callback", "line": 294}
{"timestamp": "2025-12-01T20:23:05.214720", "level": "INFO", "logger": "assistant.asr", "message": "Text corrections applied: 2 corrections, confidence: 0.78", "module": "speech_enhanced", "function": "_audio_callback", "line": 330}
{"timestamp": "2025-12-01T20:23:07.367573", "level": "DEBUG", "logger": "assistant.asr", "message": "Google ASR: no speech detected", "module": "speech_enhanced", "function": "_recognize_speech", "line": 513}
{"timestamp": "2025-12-01T20:23:08.003385", "level": "INFO", "logger": "assistant.asr", "message": "ML ASR successful (fallback=True): 'You repeat that.'", "module": "speech_enhanced", "function": "_recognize_speech", "line": 535}
{"timestamp": "2025-12-01T20:23:08.003549", "level": "INFO", "logger": "assistant.asr", "message": "Audio processed, recognized text: 'You repeat that.'", "module": "speech_enhanced", "function": "_audio_callback", "line": 294}
{"timestamp": "2025-12-01T20:23:08.007989", "level": "INFO", "logger": "assistant.asr", "message": "Text corrections applied: 0 corrections, confidence: 1.00", "module": "speech_enhanced", "function": "_audio_callback", "line": 330}
{"timestamp": "2025-12-01T20:23:11.046911", "level": "DEBUG", "logger": "assistant.asr", "message": "Google ASR: no speech detected", "module": "speech_enhanced", "function": "_recognize_speech", "line": 513}
{"timestamp": "2025-12-01T20:23:11.672575", "level": "INFO", "logger": "assistant.asr", "message": "ML ASR successful (fallback=True): 'is expected.'", "module": "speech_enhanced", "function": "_recognize_speech", "line": 535}
{"timestamp": "2025-12-01T20:23:11.672727", "level": "INFO", "logger": "assistant.asr", "message": "Audio processed, recognized text: 'is expected.'", "module": "speech_enhanced", "function": "_audio_callback", "line": 294}
{"timestamp": "2025-12-01T20:23:11.675658", "level": "DEBUG", "logger": "assistant.asr", "message": "No text corrections needed, confidence: 1.00", "module": "speech_enhanced", "function": "_audio_callback", "line": 333}
{"timestamp": "2025-12-01T20:23:13.687212", "level": "DEBUG", "logger": "assistant.asr", "message": "Google ASR: no speech detected", "module": "speech_enhanced", "function": "_recognize_speech", "line": 513}
{"timestamp": "2025-12-01T20:23:14.381620", "level": "INFO", "logger": "assistant.asr", "message": "ML ASR successful (fallback=True): 'handle this differently.'", "module": "speech_enhanced", "function": "_recognize_speech", "line": 535}
{"timestamp": "2025-12-01T20:23:14.381806", "level": "INFO", "logger": "assistant.asr", "message": "Audio processed, recognized text: 'handle this differently.'", "module": "speech_enhanced", "function": "_audio_callback", "line": 294}
{"timestamp": "2025-12-01T20:23:14.386937", "level": "DEBUG", "logger": "assistant.asr", "message": "No text corrections needed, confidence: 1.00", "module": "speech_enhanced", "function": "_audio_callback", "line": 333}
{"timestamp": "2025-12-01T20:23:20.168320", "level": "INFO", "logger": "assistant.asr", "message": "ML Event: prediction", "module": "logger", "function": "log_ml_event", "line": 122, "event_type": "prediction", "input_text": "", "prediction": "I didn't cat", "confidence": 1.0, "processing_time_ms": 2251.1918544769287}
{"timestamp": "2025-12-01T20:23:20.168479", "level": "INFO", "logger": "assistant.asr", "message": "Google ASR successful: 'I didn't cat' in 2.251s", "module": "speech_enhanced", "function": "_recognize_speech", "line": 509}
{"timestamp": "2025-12-01T20:23:20.168530", "level": "INFO", "logger": "assistant.asr", "message": "Audio processed, recognized text: 'I didn't cat'", "module": "speech_enhanced", "function": "_audio_callback", "line": 294}
{"timestamp": "2025-12-01T20:23:20.170848", "level": "INFO", "logger": "assistant.asr", "message": "Text corrections applied: 0 corrections, confidence: 1.00", "module": "speech_enhanced", "function": "_audio_callback", "line": 330}
{"timestamp": "2025-12-01T20:23:25.814427", "level": "INFO", "logger": "assistant.asr", "message": "ML Event: prediction", "module": "logger", "function": "log_ml_event", "line": 122, "event_type": "prediction", "input_text": "", "prediction": "how would you like me to handle this different", "confidence": 1.0, "processing_time_ms": 1082.1795463562012}
{"timestamp": "2025-12-01T20:23:25.814562", "level": "INFO", "logger": "assistant.asr", "message": "Google ASR successful: 'how would you like me to handle this different' in 1.082s", "module": "speech_enhanced", "function": "_recognize_speech", "line": 509}
{"timestamp": "2025-12-01T20:23:25.814611", "level": "INFO", "logger": "assistant.asr", "message": "Audio processed, recognized text: 'how would you like me to handle this different'", "module": "speech_enhanced", "function": "_audio_callback", "line": 294}
{"timestamp": "2025-12-01T20:23:25.821595", "level": "INFO", "logger": "assistant.asr", "message": "Text corrections applied: 4 corrections, confidence: 0.75", "module": "speech_enhanced", "function": "_audio_callback", "line": 330}
{"timestamp": "2025-12-01T20:23:27.813122", "level": "DEBUG", "logger": "assistant.asr", "message": "Google ASR: no speech detected", "module": "speech_enhanced", "function": "_recognize_speech", "line": 513}
{"timestamp": "2025-12-01T20:23:28.448509", "level": "INFO", "logger": "assistant.asr", "message": "ML ASR successful (fallback=True): 'Letting me know.'", "module": "speech_enhanced", "function": "_recognize_speech", "line": 535}
{"timestamp": "2025-12-01T20:23:28.448642", "level": "INFO", "logger": "assistant.asr", "message": "Audio processed, recognized text: 'Letting me know.'", "module": "speech_enhanced", "function": "_audio_callback", "line": 294}
{"timestamp": "2025-12-01T20:23:28.451959", "level": "INFO", "logger": "assistant.asr", "message": "Text corrections applied: 1 corrections, confidence: 0.75", "module": "speech_enhanced", "function": "_audio_callback", "line": 330}
{"timestamp": "2025-12-01T20:23:34.101547", "level": "DEBUG", "logger": "assistant.asr", "message": "Google ASR: no speech detected", "module": "speech_enhanced", "function": "_recognize_speech", "line": 513}
{"timestamp": "2025-12-01T20:23:34.808351", "level": "INFO", "logger": "assistant.asr", "message": "ML ASR successful (fallback=True): 'That command didn't work as expected.'", "module": "speech_enhanced", "function": "_recognize_speech", "line": 535}
{"timestamp": "2025-12-01T20:23:34.808494", "level": "INFO", "logger": "assistant.asr", "message": "Audio processed, recognized text: 'That command didn't work as expected.'", "module": "speech_enhanced", "function": "_audio_callback", "line": 294}
{"timestamp": "2025-12-01T20:23:34.815427", "level": "INFO", "logger": "assistant.asr", "message": "Text corrections applied: 1 corrections, confidence: 0.75", "module": "speech_enhanced", "function": "_audio_callback", "line": 330}
{"timestamp": "2025-12-01T20:24:28.883514", "level": "INFO", "logger": "assistant.asr", "message": "ML Event: prediction", "module": "logger", "function": "log_ml_event", "line": 122, "event_type": "prediction", "input_text": "", "prediction": "Jarvis", "confidence": 1.0, "processing_time_ms": 606.1346530914307}
{"timestamp": "2025-12-01T20:24:28.883773", "level": "INFO", "logger": "assistant.asr", "message": "Google ASR successful: 'Jarvis' in 0.606s", "module": "speech_enhanced", "function": "_recognize_speech", "line": 509}
{"timestamp": "2025-12-01T20:24:28.883840", "level": "INFO", "logger": "assistant.asr", "message": "Audio processed, recognized text: 'Jarvis'", "module": "speech_enhanced", "function": "_audio_callback", "line": 294}
{"timestamp": "2025-12-01T20:24:28.888558", "level": "INFO", "logger": "assistant.asr", "message": "Text corrections applied: 0 corrections, confidence: 1.00", "module": "speech_enhanced", "function": "_audio_callback", "line": 330}
{"timestamp": "2025-12-01T20:24:29.995527", "level": "INFO", "logger": "assistant.asr", "message": "Wake word 'jarvis' detected", "module": "speech_enhanced", "function": "_audio_callback", "line": 368}
{"timestamp": "2025-12-01T20:24:29.995799", "level": "INFO", "logger": "assistant.asr", "message": "Wake word detected, no additional command", "module": "speech_enhanced", "function": "_audio_callback", "line": 382}
{"timestamp": "2025-12-01T20:24:48.159679", "level": "DEBUG", "logger": "assistant.asr", "message": "Google ASR: no speech detected", "module": "speech_enhanced", "function": "_recognize_speech", "line": 513}
{"timestamp": "2025-12-01T20:24:48.916875", "level": "INFO", "logger": "assistant.asr", "message": "ML ASR successful (fallback=True): 'I'm listening.'", "module": "speech_enhanced", "function": "_recognize_speech", "line": 535}
{"timestamp": "2025-12-01T20:24:48.917029", "level": "INFO", "logger": "assistant.asr", "message": "Audio processed, recognized text: 'I'm listening.'", "module": "speech_enhanced", "function": "_audio_callback", "line": 294}
{"timestamp": "2025-12-01T20:24:48.920132", "level": "INFO", "logger": "assistant.asr", "message": "Text corrections applied: 0 corrections, confidence: 1.00", "module": "speech_enhanced", "function": "_audio_callback", "line": 330}
{"timestamp": "2025-12-01T20:24:54.299662", "level": "DEBUG", "logger": "assistant.asr", "message": "Google ASR: no speech detected", "module": "speech_enhanced", "function": "_recognize_speech", "line": 513}
{"timestamp": "2025-12-01T20:24:54.870139", "level": "INFO", "logger": "assistant.asr", "message": "ML ASR successful (fallback=True): 'what you mean.'", "module": "speech_enhanced", "function": "_recognize_speech", "line": 535}
{"timestamp": "2025-12-01T20:24:54.870282", "level": "INFO", "logger": "assistant.asr", "message": "Audio processed, recognized text: 'what you mean.'", "module": "speech_enhanced", "function": "_audio_callback", "line": 294}
{"timestamp": "2025-12-01T20:24:54.873529", "level": "DEBUG", "logger": "assistant.asr", "message": "No text corrections needed, confidence: 1.00", "module": "speech_enhanced", "function": "_audio_callback", "line": 333}
{"timestamp": "2025-12-01T20:24:59.246454", "level": "DEBUG", "logger": "assistant.asr", "message": "Google ASR: no speech detected", "module": "speech_enhanced", "function": "_recognize_speech", "line": 513}
{"timestamp": "2025-12-01T20:24:59.967386", "level": "INFO", "logger": "assistant.asr", "message": "ML ASR successful (fallback=True): 'didn't work as expected.'", "module": "speech_enhanced", "function": "_recognize_speech", "line": 535}
{"timestamp": "2025-12-01T20:24:59.967544", "level": "INFO", "logger": "assistant.asr", "message": "Audio processed, recognized text: 'didn't work as expected.'", "module": "speech_enhanced", "function": "_audio_callback", "line": 294}
{"timestamp": "2025-12-01T20:24:59.971798", "level": "INFO", "logger": "assistant.asr", "message": "Text corrections applied: 1 corrections, confidence: 0.75", "module": "speech_enhanced", "function": "_audio_callback", "line": 330}
{"timestamp": "2025-12-01T20:25:03.289993", "level": "DEBUG", "logger": "assistant.asr", "message": "Google ASR: no speech detected", "module": "speech_enhanced", "function": "_recognize_speech", "line": 513}
{"timestamp": "2025-12-01T20:25:03.911919", "level": "INFO", "logger": "assistant.asr", "message": "ML ASR successful (fallback=True): 'have a letting me know.'", "module": "speech_enhanced", "function": "_recognize_speech", "line": 535}
{"timestamp": "2025-12-01T20:25:03.912163", "level": "INFO", "logger": "assistant.asr", "message": "Audio processed, recognized text: 'have a letting me know.'", "module": "speech_enhanced", "function": "_audio_callback", "line": 294}
{"timestamp": "2025-12-01T20:25:03.916580", "level": "INFO", "logger": "assistant.asr", "message": "Text corrections applied: 2 corrections, confidence: 0.78", "module": "speech_enhanced", "function": "_audio_callback", "line": 330}
{"timestamp": "2025-12-01T20:25:09.225565", "level": "DEBUG", "logger": "assistant.asr", "message": "Google ASR: no speech detected", "module": "speech_enhanced", "function": "_recognize_speech", "line": 513}
{"timestamp": "2025-12-01T20:25:09.885968", "level": "INFO", "logger": "assistant.asr", "message": "ML ASR successful (fallback=True): 'That command didn't work as expected.'", "module": "speech_enhanced", "function": "_recognize_speech", "line": 535}
{"timestamp": "2025-12-01T20:25:09.886097", "level": "INFO", "logger": "assistant.asr", "message": "Audio processed, recognized text: 'That command didn't work as expected.'", "module": "speech_enhanced", "function": "_audio_callback", "line": 294}
{"timestamp": "2025-12-01T20:25:09.892613", "level": "INFO", "logger": "assistant.asr", "message": "Text corrections applied: 1 corrections, confidence: 0.75", "module": "speech_enhanced", "function": "_audio_callback", "line": 330}
{"timestamp": "2025-12-01T20:25:14.380769", "level": "INFO", "logger": "assistant.asr", "message": "ML Event: prediction", "module": "logger", "function": "log_ml_event", "line": 122, "event_type": "prediction", "input_text": "", "prediction": "thanks for letting me now", "confidence": 1.0, "processing_time_ms": 824.3894577026367}
{"timestamp": "2025-12-01T20:25:14.380905", "level": "INFO", "logger": "assistant.asr", "message": "Google ASR successful: 'thanks for letting me now' in 0.824s", "module": "speech_enhanced", "function": "_recognize_speech", "line": 509}
{"timestamp": "2025-12-01T20:25:14.380954", "level": "INFO", "logger": "assistant.asr", "message": "Audio processed, recognized text: 'thanks for letting me now'", "module": "speech_enhanced", "function": "_audio_callback", "line": 294}
{"timestamp": "2025-12-01T20:25:14.385266", "level": "INFO", "logger": "assistant.asr", "message": "Text corrections applied: 2 corrections, confidence: 0.78", "module": "speech_enhanced", "function": "_audio_callback", "line": 330}
{"timestamp": "2025-12-01T20:25:16.426457", "level": "DEBUG", "logger": "assistant.asr", "message": "Google ASR: no speech detected", "module": "speech_enhanced", "function": "_recognize_speech", "line": 513}
{"timestamp": "2025-12-01T20:25:16.987719", "level": "INFO", "logger": "assistant.asr", "message": "ML ASR successful (fallback=True): 'Repeat that.'", "module": "speech_enhanced", "function": "_recognize_speech", "line": 535}
{"timestamp": "2025-12-01T20:25:16.987923", "level": "INFO", "logger": "assistant.asr", "message": "Audio processed, recognized text: 'Repeat that.'", "module": "speech_enhanced", "function": "_audio_callback", "line": 294}
{"timestamp": "2025-12-01T20:25:16.990401", "level": "INFO", "logger": "assistant.asr", "message": "Text corrections applied: 0 corrections, confidence: 1.00", "module": "speech_enhanced", "function": "_audio_callback", "line": 330}
{"timestamp": "2025-12-01T20:27:57.820830", "level": "INFO", "logger": "assistant.asr", "message": "ML Event: prediction", "module": "logger", "function": "log_ml_event", "line": 122, "event_type": "prediction", "input_text": "", "prediction": "jarvis can you hear me", "confidence": 1.0, "processing_time_ms": 675.0361919403076}
{"timestamp": "2025-12-01T20:27:57.821044", "level": "INFO", "logger": "assistant.asr", "message": "Google ASR successful: 'jarvis can you hear me' in 0.675s", "module": "speech_enhanced", "function": "_recognize_speech", "line": 519}
{"timestamp": "2025-12-01T20:27:57.821103", "level": "INFO", "logger": "assistant.asr", "message": "Audio processed, recognized text: 'jarvis can you hear me'", "module": "speech_enhanced", "function": "_audio_callback", "line": 304}
{"timestamp": "2025-12-01T20:27:57.827872", "level": "DEBUG", "logger": "assistant.asr", "message": "No text corrections needed, confidence: 1.00", "module": "speech_enhanced", "function": "_audio_callback", "line": 343}
{"timestamp": "2025-12-01T20:27:58.929001", "level": "INFO", "logger": "assistant.asr", "message": "Wake word 'jarvis' detected", "module": "speech_enhanced", "function": "_audio_callback", "line": 378}
{"timestamp": "2025-12-01T20:27:58.929157", "level": "INFO", "logger": "assistant.asr", "message": "Processing command after wake word: 'can you hear me'", "module": "speech_enhanced", "function": "_audio_callback", "line": 389}
{"timestamp": "2025-12-01T20:28:06.988610", "level": "INFO", "logger": "assistant.asr", "message": "ML Event: prediction", "module": "logger", "function": "log_ml_event", "line": 122, "event_type": "prediction", "input_text": "", "prediction": "sorry I didn't understand that command", "confidence": 1.0, "processing_time_ms": 982.5282096862793}
{"timestamp": "2025-12-01T20:28:06.988812", "level": "INFO", "logger": "assistant.asr", "message": "Google ASR successful: 'sorry I didn't understand that command' in 0.983s", "module": "speech_enhanced", "function": "_recognize_speech", "line": 519}
{"timestamp": "2025-12-01T20:28:06.988889", "level": "INFO", "logger": "assistant.asr", "message": "Audio processed, recognized text: 'sorry I didn't understand that command'", "module": "speech_enhanced", "function": "_audio_callback", "line": 304}
{"timestamp": "2025-12-01T20:28:06.997018", "level": "INFO", "logger": "assistant.asr", "message": "Text corrections applied: 0 corrections, confidence: 1.00", "module": "speech_enhanced", "function": "_audio_callback", "line": 340}
{"timestamp": "2025-12-01T20:28:12.624121", "level": "INFO", "logger": "assistant.asr", "message": "ML Event: prediction", "module": "logger", "function": "log_ml_event", "line": 122, "event_type": "prediction", "input_text": "", "prediction": "open spotify", "confidence": 1.0, "processing_time_ms": 898.1940746307373}
{"timestamp": "2025-12-01T20:28:12.624276", "level": "INFO", "logger": "assistant.asr", "message": "Google ASR successful: 'open spotify' in 0.898s", "module": "speech_enhanced", "function": "_recognize_speech", "line": 519}
{"timestamp": "2025-12-01T20:28:12.624341", "level": "INFO", "logger": "assistant.asr", "message": "Audio processed, recognized text: 'open spotify'", "module": "speech_enhanced", "function": "_audio_callback", "line": 304}
{"timestamp": "2025-12-01T20:28:12.625834", "level": "INFO", "logger": "assistant.asr", "message": "Text corrections applied: 3 corrections, confidence: 0.97", "module": "speech_enhanced", "function": "_audio_callback", "line": 340}
{"timestamp": "2025-12-01T20:28:19.992294", "level": "INFO", "logger": "assistant.asr", "message": "ML Event: prediction", "module": "logger", "function": "log_ml_event", "line": 122, "event_type": "prediction", "input_text": "", "prediction": "show opening spotify", "confidence": 1.0, "processing_time_ms": 1956.3570022583008}
{"timestamp": "2025-12-01T20:28:19.992448", "level": "INFO", "logger": "assistant.asr", "message": "Google ASR successful: 'show opening spotify' in 1.956s", "module": "speech_enhanced", "function": "_recognize_speech", "line": 519}
{"timestamp": "2025-12-01T20:28:19.992504", "level": "INFO", "logger": "assistant.asr", "message": "Audio processed, recognized text: 'show opening spotify'", "module": "speech_enhanced", "function": "_audio_callback", "line": 304}
{"timestamp": "2025-12-01T20:28:19.995858", "level": "INFO", "logger": "assistant.asr", "message": "Text corrections applied: 2 corrections, confidence: 0.95", "module": "speech_enhanced", "function": "_audio_callback", "line": 340}
{"timestamp": "2025-12-01T20:28:23.334718", "level": "DEBUG", "logger": "assistant.asr", "message": "Google ASR: no speech detected", "module": "speech_enhanced", "function": "_recognize_speech", "line": 523}
{"timestamp": "2025-12-01T20:28:24.236283", "level": "INFO", "logger": "assistant.asr", "message": "ML ASR successful (fallback=True): 'Show what you mean.'", "module": "speech_enhanced", "function": "_recognize_speech", "line": 545}
{"timestamp": "2025-12-01T20:28:24.236428", "level": "INFO", "logger": "assistant.asr", "message": "Audio processed, recognized text: 'Show what you mean.'", "module": "speech_enhanced", "function": "_audio_callback", "line": 304}
{"timestamp": "2025-12-01T20:28:24.240634", "level": "INFO", "logger": "assistant.asr", "message": "Text corrections applied: 0 corrections, confidence: 1.00", "module": "speech_enhanced", "function": "_audio_callback", "line": 340}
{"timestamp": "2025-12-01T20:28:26.721625", "level": "DEBUG", "logger": "assistant.asr", "message": "Google ASR: no speech detected", "module": "speech_enhanced", "function": "_recognize_speech", "line": 523}
{"timestamp": "2025-12-01T20:28:27.394371", "level": "INFO", "logger": "assistant.asr", "message": "ML ASR successful (fallback=True): 'Work is expected.'", "module": "speech_enhanced", "function": "_recognize_speech", "line": 545}
{"timestamp": "2025-12-01T20:28:27.394535", "level": "INFO", "logger": "assistant.asr", "message": "Audio processed, recognized text: 'Work is expected.'", "module": "speech_enhanced", "function": "_audio_callback", "line": 304}
{"timestamp": "2025-12-01T20:28:27.398252", "level": "INFO", "logger": "assistant.asr", "message": "Text corrections applied: 1 corrections, confidence: 0.75", "module": "speech_enhanced", "function": "_audio_callback", "line": 340}
{"timestamp": "2025-12-01T20:28:32.124748", "level": "DEBUG", "logger": "assistant.asr", "message": "Google ASR: no speech detected", "module": "speech_enhanced", "function": "_recognize_speech", "line": 523}
{"timestamp": "2025-12-01T20:28:32.865368", "level": "INFO", "logger": "assistant.asr", "message": "ML ASR successful (fallback=True): 'Thanks for letting me know.'", "module": "speech_enhanced", "function": "_recognize_speech", "line": 545}
{"timestamp": "2025-12-01T20:28:32.865543", "level": "INFO", "logger": "assistant.asr", "message": "Audio processed, recognized text: 'Thanks for letting me know.'", "module": "speech_enhanced", "function": "_audio_callback", "line": 304}
{"timestamp": "2025-12-01T20:28:32.870950", "level": "INFO", "logger": "assistant.asr", "message": "Text corrections applied: 2 corrections, confidence: 0.78", "module": "speech_enhanced", "function": "_audio_callback", "line": 340}
{"timestamp": "2025-12-01T20:29:01.284640", "level": "DEBUG", "logger": "assistant.asr", "message": "Google ASR: no speech detected", "module": "speech_enhanced", "function": "_recognize_speech", "line": 523}
{"timestamp": "2025-12-01T20:29:01.983729", "level": "INFO", "logger": "assistant.asr", "message": "ML ASR successful (fallback=True): 'That commands didn't work as expected.'", "module": "speech_enhanced", "function": "_recognize_speech", "line": 545}
{"timestamp": "2025-12-01T20:29:01.983947", "level": "INFO", "logger": "assistant.asr", "message": "Audio processed, recognized text: 'That commands didn't work as expected.'", "module": "speech_enhanced", "function": "_audio_callback", "line": 304}
{"timestamp": "2025-12-01T20:29:01.990370", "level": "INFO", "logger": "assistant.asr", "message": "Text corrections applied: 1 corrections, confidence: 0.75", "module": "speech_enhanced", "function": "_audio_callback", "line": 340}
{"timestamp": "2025-12-01T20:29:05.179567", "level": "DEBUG", "logger": "assistant.asr", "message": "Google ASR: no speech detected", "module": "speech_enhanced", "function": "_recognize_speech", "line": 523}
{"timestamp": "2025-12-01T20:29:05.852950", "level": "INFO", "logger": "assistant.asr", "message": "ML ASR successful (fallback=True): 'don't know what you mean.'", "module": "speech_enhanced", "function": "_recognize_speech", "line": 545}
{"timestamp": "2025-12-01T20:29:05.853074", "level": "INFO", "logger": "assistant.asr", "message": "Audio processed, recognized text: 'don't know what you mean.'", "module": "speech_enhanced", "function": "_audio_callback", "line": 304}
{"timestamp": "2025-12-01T20:29:05.857633", "level": "DEBUG", "logger": "assistant.asr", "message": "No text corrections needed, confidence: 1.00", "module": "speech_enhanced", "function": "_audio_callback", "line": 343}
{"timestamp": "2025-12-01T20:29:10.424522", "level": "DEBUG", "logger": "assistant.asr", "message": "Google ASR: no speech detected", "module": "speech_enhanced", "function": "_recognize_speech", "line": 523}
{"timestamp": "2025-12-01T20:29:11.218990", "level": "INFO", "logger": "assistant.asr", "message": "ML ASR successful (fallback=True): 'didn't work as expected.'", "module": "speech_enhanced", "function": "_recognize_speech", "line": 545}
{"timestamp": "2025-12-01T20:29:11.219161", "level": "INFO", "logger": "assistant.asr", "message": "Audio processed, recognized text: 'didn't work as expected.'", "module": "speech_enhanced", "function": "_audio_callback", "line": 304}
{"timestamp": "2025-12-01T20:29:11.224288", "level": "INFO", "logger": "assistant.asr", "message": "Text corrections applied: 1 corrections, confidence: 0.75", "module": "speech_enhanced", "function": "_audio_callback", "line": 340}
{"timestamp": "2025-12-01T20:29:18.279868", "level": "DEBUG", "logger": "assistant.asr", "message": "Google ASR: no speech detected", "module": "speech_enhanced", "function": "_recognize_speech", "line": 523}
{"timestamp": "2025-12-01T20:29:18.962556", "level": "INFO", "logger": "assistant.asr", "message": "ML ASR successful (fallback=True): 'I didn't catch that.'", "module": "speech_enhanced", "function": "_recognize_speech", "line": 545}
{"timestamp": "2025-12-01T20:29:18.962711", "level": "INFO", "logger": "assistant.asr", "message": "Audio processed, recognized text: 'I didn't catch that.'", "module": "speech_enhanced", "function": "_audio_callback", "line": 304}
{"timestamp": "2025-12-01T20:29:18.966776", "level": "INFO", "logger": "assistant.asr", "message": "Text corrections applied: 0 corrections, confidence: 1.00", "module": "speech_enhanced", "function": "_audio_callback", "line": 340}
{"timestamp": "2025-12-01T20:29:22.583719", "level": "DEBUG", "logger": "assistant.asr", "message": "Google ASR: no speech detected", "module": "speech_enhanced", "function": "_recognize_speech", "line": 523}
{"timestamp": "2025-12-01T20:29:23.908619", "level": "INFO", "logger": "assistant.asr", "message": "ML ASR successful (fallback=True): 'How would you like me to handle this difference?'", "module": "speech_enhanced", "function": "_recognize_speech", "line": 545}
{"timestamp": "2025-12-01T20:29:23.908796", "level": "INFO", "logger": "assistant.asr", "message": "Audio processed, recognized text: 'How would you like me to handle this difference?'", "module": "speech_enhanced", "function": "_audio_callback", "line": 304}
{"timestamp": "2025-12-01T20:29:23.917883", "level": "INFO", "logger": "assistant.asr", "message": "Text corrections applied: 4 corrections, confidence: 0.75", "module": "speech_enhanced", "function": "_audio_callback", "line": 340}
{"timestamp": "2025-12-01T20:29:27.191697", "level": "DEBUG", "logger": "assistant.asr", "message": "Google ASR: no speech detected", "module": "speech_enhanced", "function": "_recognize_speech", "line": 523}
{"timestamp": "2025-12-01T20:29:27.811575", "level": "INFO", "logger": "assistant.asr", "message": "ML ASR successful (fallback=True): 'Catch that.'", "module": "speech_enhanced", "function": "_recognize_speech", "line": 545}
{"timestamp": "2025-12-01T20:29:27.811733", "level": "INFO", "logger": "assistant.asr", "message": "Audio processed, recognized text: 'Catch that.'", "module": "speech_enhanced", "function": "_audio_callback", "line": 304}
{"timestamp": "2025-12-01T20:29:27.813848", "level": "INFO", "logger": "assistant.asr", "message": "Text corrections applied: 0 corrections, confidence: 1.00", "module": "speech_enhanced", "function": "_audio_callback", "line": 340}
{"timestamp": "2025-12-01T20:29:30.638912", "level": "DEBUG", "logger": "assistant.asr", "message": "Google ASR: no speech detected", "module": "speech_enhanced", "function": "_recognize_speech", "line": 523}
{"timestamp": "2025-12-01T20:29:31.395642", "level": "INFO", "logger": "assistant.asr", "message": "ML ASR successful (fallback=True): 'Didn't work, he's expected.'", "module": "speech_enhanced", "function": "_recognize_speech", "line": 545}
{"timestamp": "2025-12-01T20:29:31.395875", "level": "INFO", "logger": "assistant.asr", "message": "Audio processed, recognized text: 'Didn't work, he's expected.'", "module": "speech_enhanced", "function": "_audio_callback", "line": 304}
{"timestamp": "2025-12-01T20:29:31.401679", "level": "INFO", "logger": "assistant.asr", "message": "Text corrections applied: 1 corrections, confidence: 0.60", "module": "speech_enhanced", "function": "_audio_callback", "line": 340}
{"timestamp": "2025-12-01T20:29:36.196296", "level": "DEBUG", "logger": "assistant.asr", "message": "Google ASR: no speech detected", "module": "speech_enhanced", "function": "_recognize_speech", "line": 523}
{"timestamp": "2025-12-01T20:30:16.354481", "level": "INFO", "logger": "assistant.asr", "message": "ML Event: prediction", "module": "logger", "function": "log_ml_event", "line": 122, "event_type": "prediction", "input_text": "", "prediction": "Jarvis open", "confidence": 1.0, "processing_time_ms": 5759.086608886719}
{"timestamp": "2025-12-01T20:30:16.354702", "level": "INFO", "logger": "assistant.asr", "message": "Google ASR successful: 'Jarvis open' in 5.759s", "module": "speech_enhanced", "function": "_recognize_speech", "line": 586}
{"timestamp": "2025-12-01T20:30:16.354769", "level": "INFO", "logger": "assistant.asr", "message": "Audio processed, recognized text: 'Jarvis open'", "module": "speech_enhanced", "function": "_audio_callback", "line": 371}
{"timestamp": "2025-12-01T20:30:16.359538", "level": "INFO", "logger": "assistant.asr", "message": "Text corrections applied: 1 corrections, confidence: 1.00", "module": "speech_enhanced", "function": "_audio_callback", "line": 407}
{"timestamp": "2025-12-01T20:30:17.462781", "level": "INFO", "logger": "assistant.asr", "message": "Wake word 'jarvis' detected", "module": "speech_enhanced", "function": "_audio_callback", "line": 445}
{"timestamp": "2025-12-01T20:30:17.462943", "level": "INFO", "logger": "assistant.asr", "message": "Processing command after wake word: 'open'", "module": "speech_enhanced", "function": "_audio_callback", "line": 456}
{"timestamp": "2025-12-01T20:30:31.950567", "level": "DEBUG", "logger": "assistant.asr", "message": "Google ASR: no speech detected", "module": "speech_enhanced", "function": "_recognize_speech", "line": 590}
{"timestamp": "2025-12-01T20:30:32.739640", "level": "INFO", "logger": "assistant.asr", "message": "ML ASR successful (fallback=True): 'Catch that.'", "module": "speech_enhanced", "function": "_recognize_speech", "line": 612}
{"timestamp": "2025-12-01T20:30:32.739867", "level": "INFO", "logger": "assistant.asr", "message": "Audio processed, recognized text: 'Catch that.'", "module": "speech_enhanced", "function": "_audio_callback", "line": 371}
{"timestamp": "2025-12-01T20:30:32.742530", "level": "INFO", "logger": "assistant.asr", "message": "Text corrections applied: 0 corrections, confidence: 1.00", "module": "speech_enhanced", "function": "_audio_callback", "line": 407}
{"timestamp": "2025-12-01T20:30:36.070554", "level": "DEBUG", "logger": "assistant.asr", "message": "Google ASR: no speech detected", "module": "speech_enhanced", "function": "_recognize_speech", "line": 590}
{"timestamp": "2025-12-01T20:30:36.734925", "level": "INFO", "logger": "assistant.asr", "message": "ML ASR successful (fallback=True): 'Thanks for letting me know.'", "module": "speech_enhanced", "function": "_recognize_speech", "line": 612}
{"timestamp": "2025-12-01T20:30:36.735064", "level": "INFO", "logger": "assistant.asr", "message": "Audio processed, recognized text: 'Thanks for letting me know.'", "module": "speech_enhanced", "function": "_audio_callback", "line": 371}
{"timestamp": "2025-12-01T20:30:36.740551", "level": "INFO", "logger": "assistant.asr", "message": "Text corrections applied: 2 corrections, confidence: 0.78", "module": "speech_enhanced", "function": "_audio_callback", "line": 407}
{"timestamp": "2025-12-01T20:30:39.392062", "level": "INFO", "logger": "assistant.asr", "message": "ML Event: prediction", "module": "logger", "function": "log_ml_event", "line": 122, "event_type": "prediction", "input_text": "", "prediction": "you welcome", "confidence": 1.0, "processing_time_ms": 596.9545841217041}
{"timestamp": "2025-12-01T20:30:39.392219", "level": "INFO", "logger": "assistant.asr", "message": "Google ASR successful: 'you welcome' in 0.597s", "module": "speech_enhanced", "function": "_recognize_speech", "line": 586}
{"timestamp": "2025-12-01T20:30:39.392281", "level": "INFO", "logger": "assistant.asr", "message": "Audio processed, recognized text: 'you welcome'", "module": "speech_enhanced", "function": "_audio_callback", "line": 371}
{"timestamp": "2025-12-01T20:30:39.394402", "level": "DEBUG", "logger": "assistant.asr", "message": "No text corrections needed, confidence: 1.00", "module": "speech_enhanced", "function": "_audio_callback", "line": 410}
{"timestamp": "2025-12-01T20:30:43.335773", "level": "DEBUG", "logger": "assistant.asr", "message": "Google ASR: no speech detected", "module": "speech_enhanced", "function": "_recognize_speech", "line": 590}
{"timestamp": "2025-12-01T20:30:44.020645", "level": "INFO", "logger": "assistant.asr", "message": "ML ASR successful (fallback=True): 'I'm entirely sure about unknown.'", "module": "speech_enhanced", "function": "_recognize_speech", "line": 612}
{"timestamp": "2025-12-01T20:30:44.020804", "level": "INFO", "logger": "assistant.asr", "message": "Audio processed, recognized text: 'I'm entirely sure about unknown.'", "module": "speech_enhanced", "function": "_audio_callback", "line": 371}
{"timestamp": "2025-12-01T20:30:44.026257", "level": "INFO", "logger": "assistant.asr", "message": "Text corrections applied: 0 corrections, confidence: 1.00", "module": "speech_enhanced", "function": "_audio_callback", "line": 407}
{"timestamp": "2025-12-01T20:30:49.787606", "level": "DEBUG", "logger": "assistant.asr", "message": "Google ASR: no speech detected", "module": "speech_enhanced", "function": "_recognize_speech", "line": 590}
{"timestamp": "2025-12-01T20:30:50.524808", "level": "INFO", "logger": "assistant.asr", "message": "ML ASR successful (fallback=True): 'for letting me know.'", "module": "speech_enhanced", "function": "_recognize_speech", "line": 612}
{"timestamp": "2025-12-01T20:30:50.524960", "level": "INFO", "logger": "assistant.asr", "message": "Audio processed, recognized text: 'for letting me know.'", "module": "speech_enhanced", "function": "_audio_callback", "line": 371}
{"timestamp": "2025-12-01T20:30:50.529444", "level": "INFO", "logger": "assistant.asr", "message": "Text corrections applied: 2 corrections, confidence: 0.78", "module": "speech_enhanced", "function": "_audio_callback", "line": 407}
{"timestamp": "2025-12-01T20:30:56.629496", "level": "DEBUG", "logger": "assistant.asr", "message": "Google ASR: no speech detected", "module": "speech_enhanced", "function": "_recognize_speech", "line": 590}
{"timestamp": "2025-12-01T20:30:57.731993", "level": "INFO", "logger": "assistant.asr", "message": "ML ASR successful (fallback=True): 'Work is expected. How would you like me to handle this differently?'", "module": "speech_enhanced", "function": "_recognize_speech", "line": 612}
{"timestamp": "2025-12-01T20:30:57.732144", "level": "INFO", "logger": "assistant.asr", "message": "Audio processed, recognized text: 'Work is expected. How would you like me to handle this differently?'", "module": "speech_enhanced", "function": "_audio_callback", "line": 371}
{"timestamp": "2025-12-01T20:30:57.745042", "level": "INFO", "logger": "assistant.asr", "message": "Text corrections applied: 5 corrections, confidence: 0.75", "module": "speech_enhanced", "function": "_audio_callback", "line": 407}
{"timestamp": "2025-12-01T20:31:00.714223", "level": "DEBUG", "logger": "assistant.asr", "message": "Google ASR: no speech detected", "module": "speech_enhanced", "function": "_recognize_speech", "line": 590}
{"timestamp": "2025-12-01T20:31:01.307474", "level": "INFO", "logger": "assistant.asr", "message": "ML ASR successful (fallback=True): 'feet that'", "module": "speech_enhanced", "function": "_recognize_speech", "line": 612}
{"timestamp": "2025-12-01T20:31:01.307669", "level": "INFO", "logger": "assistant.asr", "message": "Audio processed, recognized text: 'feet that'", "module": "speech_enhanced", "function": "_audio_callback", "line": 371}
{"timestamp": "2025-12-01T20:31:01.309988", "level": "DEBUG", "logger": "assistant.asr", "message": "No text corrections needed, confidence: 1.00", "module": "speech_enhanced", "function": "_audio_callback", "line": 410}
{"timestamp": "2025-12-01T20:32:18.778195", "level": "DEBUG", "logger": "assistant.asr", "message": "Google ASR: no speech detected", "module": "speech_enhanced", "function": "_recognize_speech", "line": 602}
{"timestamp": "2025-12-01T20:32:19.782731", "level": "INFO", "logger": "assistant.asr", "message": "ML ASR successful (fallback=True): 'Jarvis systems initializing.'", "module": "speech_enhanced", "function": "_recognize_speech", "line": 624}
{"timestamp": "2025-12-01T20:32:19.782881", "level": "INFO", "logger": "assistant.asr", "message": "Audio processed, recognized text: 'Jarvis systems initializing.'", "module": "speech_enhanced", "function": "_audio_callback", "line": 383}
{"timestamp": "2025-12-01T20:32:19.794219", "level": "INFO", "logger": "assistant.asr", "message": "Text corrections applied: 0 corrections, confidence: 1.00", "module": "speech_enhanced", "function": "_audio_callback", "line": 419}
{"timestamp": "2025-12-01T20:32:20.901689", "level": "INFO", "logger": "assistant.asr", "message": "Wake word 'jarvis' detected", "module": "speech_enhanced", "function": "_audio_callback", "line": 457}
{"timestamp": "2025-12-01T20:32:20.901912", "level": "INFO", "logger": "assistant.asr", "message": "Processing command after wake word: 'systems initializing.'", "module": "speech_enhanced", "function": "_audio_callback", "line": 468}
{"timestamp": "2025-12-01T20:32:26.594494", "level": "INFO", "logger": "assistant.asr", "message": "ML Event: prediction", "module": "logger", "function": "log_ml_event", "line": 122, "event_type": "prediction", "input_text": "", "prediction": "sorry I didn't understand", "confidence": 1.0, "processing_time_ms": 929.6455383300781}
{"timestamp": "2025-12-01T20:32:26.594651", "level": "INFO", "logger": "assistant.asr", "message": "Google ASR successful: 'sorry I didn't understand' in 0.930s", "module": "speech_enhanced", "function": "_recognize_speech", "line": 598}
{"timestamp": "2025-12-01T20:32:26.594709", "level": "INFO", "logger": "assistant.asr", "message": "Audio processed, recognized text: 'sorry I didn't understand'", "module": "speech_enhanced", "function": "_audio_callback", "line": 383}
{"timestamp": "2025-12-01T20:32:26.598893", "level": "INFO", "logger": "assistant.asr", "message": "Text corrections applied: 0 corrections, confidence: 1.00", "module": "speech_enhanced", "function": "_audio_callback", "line": 419}
{"timestamp": "2025-12-01T20:32:26.831161", "level": "DEBUG", "logger": "assistant.asr", "message": "Google ASR: no speech detected", "module": "speech_enhanced", "function": "_recognize_speech", "line": 602}
{"timestamp": "2025-12-01T20:32:27.860669", "level": "INFO", "logger": "assistant.asr", "message": "ML ASR successful (fallback=True): 'I didn't understand that.'", "module": "speech_enhanced", "function": "_recognize_speech", "line": 624}
{"timestamp": "2025-12-01T20:32:27.860831", "level": "INFO", "logger": "assistant.asr", "message": "Audio processed, recognized text: 'I didn't understand that.'", "module": "speech_enhanced", "function": "_audio_callback", "line": 383}
{"timestamp": "2025-12-01T20:32:27.871426", "level": "INFO", "logger": "assistant.asr", "message": "Text corrections applied: 0 corrections, confidence: 1.00", "module": "speech_enhanced", "function": "_audio_callback", "line": 419}
{"timestamp": "2025-12-01T20:32:33.126972", "level": "INFO", "logger": "assistant.asr", "message": "ML Event: prediction", "module": "logger", "function": "log_ml_event", "line": 122, "event_type": "prediction", "input_text": "", "prediction": "how would you like me to handle this different", "confidence": 1.0, "processing_time_ms": 872.0288276672363}
{"timestamp": "2025-12-01T20:32:33.127152", "level": "INFO", "logger": "assistant.asr", "message": "Google ASR successful: 'how would you like me to handle this different' in 0.872s", "module": "speech_enhanced", "function": "_recognize_speech", "line": 598}
{"timestamp": "2025-12-01T20:32:33.127210", "level": "INFO", "logger": "assistant.asr", "message": "Audio processed, recognized text: 'how would you like me to handle this different'", "module": "speech_enhanced", "function": "_audio_callback", "line": 383}
{"timestamp": "2025-12-01T20:32:33.133764", "level": "INFO", "logger": "assistant.asr", "message": "Text corrections applied: 4 corrections, confidence: 0.75", "module": "speech_enhanced", "function": "_audio_callback", "line": 419}
{"timestamp": "2025-12-01T20:34:11.108465", "level": "INFO", "logger": "assistant.asr", "message": "ML Event: prediction", "module": "logger", "function": "log_ml_event", "line": 122, "event_type": "prediction", "input_text": "", "prediction": "Jarvis", "confidence": 1.0, "processing_time_ms": 3034.2202186584473}
{"timestamp": "2025-12-01T20:34:11.108740", "level": "INFO", "logger": "assistant.asr", "message": "Google ASR successful: 'Jarvis' in 3.034s", "module": "speech_enhanced", "function": "_recognize_speech", "line": 598}
{"timestamp": "2025-12-01T20:34:11.108828", "level": "INFO", "logger": "assistant.asr", "message": "Audio processed, recognized text: 'Jarvis'", "module": "speech_enhanced", "function": "_audio_callback", "line": 383}
{"timestamp": "2025-12-01T20:34:11.115143", "level": "INFO", "logger": "assistant.asr", "message": "Text corrections applied: 0 corrections, confidence: 1.00", "module": "speech_enhanced", "function": "_audio_callback", "line": 419}
{"timestamp": "2025-12-01T20:34:12.216906", "level": "INFO", "logger": "assistant.asr", "message": "Wake word 'jarvis' detected", "module": "speech_enhanced", "function": "_audio_callback", "line": 457}
{"timestamp": "2025-12-01T20:34:12.217067", "level": "INFO", "logger": "assistant.asr", "message": "Wake word detected, no additional command", "module": "speech_enhanced", "function": "_audio_callback", "line": 471}
{"timestamp": "2025-12-01T20:34:16.056337", "level": "DEBUG", "logger": "assistant.asr", "message": "Google ASR: no speech detected", "module": "speech_enhanced", "function": "_recognize_speech", "line": 602}
{"timestamp": "2025-12-01T20:34:16.886654", "level": "INFO", "logger": "assistant.asr", "message": "ML ASR successful (fallback=True): 'Thank you.'", "module": "speech_enhanced", "function": "_recognize_speech", "line": 624}
{"timestamp": "2025-12-01T20:34:16.886902", "level": "INFO", "logger": "assistant.asr", "message": "Audio processed, recognized text: 'Thank you.'", "module": "speech_enhanced", "function": "_audio_callback", "line": 383}
{"timestamp": "2025-12-01T20:34:16.889539", "level": "INFO", "logger": "assistant.asr", "message": "Text corrections applied: 0 corrections, confidence: 1.00", "module": "speech_enhanced", "function": "_audio_callback", "line": 419}
{"timestamp": "2025-12-01T20:34:22.236424", "level": "INFO", "logger": "assistant.asr", "message": "ML Event: prediction", "module": "logger", "function": "log_ml_event", "line": 122, "event_type": "prediction", "input_text": "", "prediction": "you welcome", "confidence": 1.0, "processing_time_ms": 812.1333122253418}
{"timestamp": "2025-12-01T20:34:22.236571", "level": "INFO", "logger": "assistant.asr", "message": "Google ASR successful: 'you welcome' in 0.812s", "module": "speech_enhanced", "function": "_recognize_speech", "line": 598}
{"timestamp": "2025-12-01T20:34:22.236626", "level": "INFO", "logger": "assistant.asr", "message": "Audio processed, recognized text: 'you welcome'", "module": "speech_enhanced", "function": "_audio_callback", "line": 383}
{"timestamp": "2025-12-01T20:34:22.238734", "level": "DEBUG", "logger": "assistant.asr", "message": "No text corrections needed, confidence: 1.00", "module": "speech_enhanced", "function": "_audio_callback", "line": 422}
{"timestamp": "2025-12-01T20:34:24.764357", "level": "DEBUG", "logger": "assistant.asr", "message": "Google ASR: no speech detected", "module": "speech_enhanced", "function": "_recognize_speech", "line": 602}
{"timestamp": "2025-12-01T20:34:25.477558", "level": "INFO", "logger": "assistant.asr", "message": "ML ASR successful (fallback=True): 'Not entirely sure about.'", "module": "speech_enhanced", "function": "_recognize_speech", "line": 624}
{"timestamp": "2025-12-01T20:34:25.477759", "level": "INFO", "logger": "assistant.asr", "message": "Audio processed, recognized text: 'Not entirely sure about.'", "module": "speech_enhanced", "function": "_audio_callback", "line": 383}
{"timestamp": "2025-12-01T20:34:25.482503", "level": "INFO", "logger": "assistant.asr", "message": "Text corrections applied: 0 corrections, confidence: 1.00", "module": "speech_enhanced", "function": "_audio_callback", "line": 419}
{"timestamp": "2025-12-01T20:34:28.673267", "level": "DEBUG", "logger": "assistant.asr", "message": "Google ASR: no speech detected", "module": "speech_enhanced", "function": "_recognize_speech", "line": 602}
{"timestamp": "2025-12-01T20:34:29.279624", "level": "INFO", "logger": "assistant.asr", "message": "ML ASR successful (fallback=True): 'Correctly.'", "module": "speech_enhanced", "function": "_recognize_speech", "line": 624}
{"timestamp": "2025-12-01T20:34:29.279776", "level": "INFO", "logger": "assistant.asr", "message": "Audio processed, recognized text: 'Correctly.'", "module": "speech_enhanced", "function": "_audio_callback", "line": 383}
{"timestamp": "2025-12-01T20:34:29.281672", "level": "INFO", "logger": "assistant.asr", "message": "Text corrections applied: 0 corrections, confidence: 1.00", "module": "speech_enhanced", "function": "_audio_callback", "line": 419}
{"timestamp": "2025-12-01T20:34:33.661899", "level": "INFO", "logger": "assistant.asr", "message": "ML Event: prediction", "module": "logger", "function": "log_ml_event", "line": 122, "event_type": "prediction", "input_text": "", "prediction": "I am not sure what you mean", "confidence": 1.0, "processing_time_ms": 1060.671329498291}
{"timestamp": "2025-12-01T20:34:33.662061", "level": "INFO", "logger": "assistant.asr", "message": "Google ASR successful: 'I am not sure what you mean' in 1.061s", "module": "speech_enhanced", "function": "_recognize_speech", "line": 598}
{"timestamp": "2025-12-01T20:34:33.662115", "level": "INFO", "logger": "assistant.asr", "message": "Audio processed, recognized text: 'I am not sure what you mean'", "module": "speech_enhanced", "function": "_audio_callback", "line": 383}
{"timestamp": "2025-12-01T20:34:33.667091", "level": "INFO", "logger": "assistant.asr", "message": "Text corrections applied: 0 corrections, confidence: 1.00", "module": "speech_enhanced", "function": "_audio_callback", "line": 419}
{"timestamp": "2025-12-01T20:34:39.761796", "level": "INFO", "logger": "assistant.asr", "message": "ML Event: prediction", "module": "logger", "function": "log_ml_event", "line": 122, "event_type": "prediction", "input_text": "", "prediction": "how would you like me to handle this different", "confidence": 1.0, "processing_time_ms": 1091.576337814331}
{"timestamp": "2025-12-01T20:34:39.761941", "level": "INFO", "logger": "assistant.asr", "message": "Google ASR successful: 'how would you like me to handle this different' in 1.092s", "module": "speech_enhanced", "function": "_recognize_speech", "line": 598}
{"timestamp": "2025-12-01T20:34:39.761996", "level": "INFO", "logger": "assistant.asr", "message": "Audio processed, recognized text: 'how would you like me to handle this different'", "module": "speech_enhanced", "function": "_audio_callback", "line": 383}
{"timestamp": "2025-12-01T20:34:39.768400", "level": "INFO", "logger": "assistant.asr", "message": "Text corrections applied: 4 corrections, confidence: 0.75", "module": "speech_enhanced", "function": "_audio_callback", "line": 419}
{"timestamp": "2025-12-01T20:34:51.498737", "level": "DEBUG", "logger": "assistant.asr", "message": "Google ASR: no speech detected", "module": "speech_enhanced", "function": "_recognize_speech", "line": 602}
{"timestamp": "2025-12-01T20:34:52.174263", "level": "INFO", "logger": "assistant.asr", "message": "ML ASR successful (fallback=True): 'Think we know.'", "module": "speech_enhanced", "function": "_recognize_speech", "line": 624}
{"timestamp": "2025-12-01T20:34:52.174430", "level": "INFO", "logger": "assistant.asr", "message": "Audio processed, recognized text: 'Think we know.'", "module": "speech_enhanced", "function": "_audio_callback", "line": 383}
{"timestamp": "2025-12-01T20:34:52.177625", "level": "INFO", "logger": "assistant.asr", "message": "Text corrections applied: 0 corrections, confidence: 1.00", "module": "speech_enhanced", "function": "_audio_callback", "line": 419}
{"timestamp": "2025-12-01T20:34:56.509464", "level": "INFO", "logger": "assistant.asr", "message": "ML Event: prediction", "module": "logger", "function": "log_ml_event", "line": 122, "event_type": "prediction", "input_text": "", "prediction": "I didn't understand", "confidence": 1.0, "processing_time_ms": 680.1750659942627}
{"timestamp": "2025-12-01T20:34:56.509634", "level": "INFO", "logger": "assistant.asr", "message": "Google ASR successful: 'I didn't understand' in 0.680s", "module": "speech_enhanced", "function": "_recognize_speech", "line": 598}
{"timestamp": "2025-12-01T20:34:56.509701", "level": "INFO", "logger": "assistant.asr", "message": "Audio processed, recognized text: 'I didn't understand'", "module": "speech_enhanced", "function": "_audio_callback", "line": 383}
{"timestamp": "2025-12-01T20:34:56.513047", "level": "INFO", "logger": "assistant.asr", "message": "Text corrections applied: 0 corrections, confidence: 1.00", "module": "speech_enhanced", "function": "_audio_callback", "line": 419}
{"timestamp": "2025-12-01T20:36:36.887959", "level": "INFO", "logger": "assistant.asr", "message": "ML Event: prediction", "module": "logger", "function": "log_ml_event", "line": 122, "event_type": "prediction", "input_text": "", "prediction": "open GitHub on Chrome", "confidence": 1.0, "processing_time_ms": 770.9732055664062}
{"timestamp": "2025-12-01T20:36:36.888251", "level": "INFO", "logger": "assistant.asr", "message": "Google ASR successful: 'open GitHub on Chrome' in 0.771s", "module": "speech_enhanced", "function": "_recognize_speech", "line": 598}
{"timestamp": "2025-12-01T20:36:36.888464", "level": "INFO", "logger": "assistant.asr", "message": "Audio processed, recognized text: 'open GitHub on Chrome'", "module": "speech_enhanced", "function": "_audio_callback", "line": 383}
{"timestamp": "2025-12-01T20:36:36.897347", "level": "INFO", "logger": "assistant.asr", "message": "Text corrections applied: 4 corrections, confidence: 0.92", "module": "speech_enhanced", "function": "_audio_callback", "line": 419}
{"timestamp": "2025-12-01T20:36:55.201470", "level": "INFO", "logger": "assistant.asr", "message": "ML Event: prediction", "module": "logger", "function": "log_ml_event", "line": 122, "event_type": "prediction", "input_text": "", "prediction": "Jarvis open get up on Chrome", "confidence": 1.0, "processing_time_ms": 874.9127388000488}
{"timestamp": "2025-12-01T20:36:55.201636", "level": "INFO", "logger": "assistant.asr", "message": "Google ASR successful: 'Jarvis open get up on Chrome' in 0.875s", "module": "speech_enhanced", "function": "_recognize_speech", "line": 598}
{"timestamp": "2025-12-01T20:36:55.201849", "level": "INFO", "logger": "assistant.asr", "message": "Audio processed, recognized text: 'Jarvis open get up on Chrome'", "module": "speech_enhanced", "function": "_audio_callback", "line": 383}
{"timestamp": "2025-12-01T20:36:55.205856", "level": "INFO", "logger": "assistant.asr", "message": "Text corrections applied: 4 corrections, confidence: 0.92", "module": "speech_enhanced", "function": "_audio_callback", "line": 419}
{"timestamp": "2025-12-01T20:36:56.307533", "level": "INFO", "logger": "assistant.asr", "message": "Wake word 'jarvis' detected", "module": "speech_enhanced", "function": "_audio_callback", "line": 457}
{"timestamp": "2025-12-01T20:36:56.307841", "level": "INFO", "logger": "assistant.asr", "message": "Processing command after wake word: 'open get up on chrome'", "module": "speech_enhanced", "function": "_audio_callback", "line": 468}
{"timestamp": "2025-12-01T20:37:01.183599", "level": "DEBUG", "logger": "assistant.asr", "message": "Google ASR: no speech detected", "module": "speech_enhanced", "function": "_recognize_speech", "line": 602}
{"timestamp": "2025-12-01T20:37:05.024554", "level": "INFO", "logger": "assistant.asr", "message": "ML ASR successful (fallback=True): 'Been crored?'", "module": "speech_enhanced", "function": "_recognize_speech", "line": 624}
{"timestamp": "2025-12-01T20:37:05.024829", "level": "INFO", "logger": "assistant.asr", "message": "Audio processed, recognized text: 'Been crored?'", "module": "speech_enhanced", "function": "_audio_callback", "line": 383}
{"timestamp": "2025-12-01T20:37:05.027786", "level": "INFO", "logger": "assistant.asr", "message": "Text corrections applied: 0 corrections, confidence: 1.00", "module": "speech_enhanced", "function": "_audio_callback", "line": 419}
{"timestamp": "2025-12-01T20:37:08.296867", "level": "DEBUG", "logger": "assistant.asr", "message": "Google ASR: no speech detected", "module": "speech_enhanced", "function": "_recognize_speech", "line": 602}
{"timestamp": "2025-12-01T20:37:08.886200", "level": "INFO", "logger": "assistant.asr", "message": "ML ASR successful (fallback=True): 'and catch that.'", "module": "speech_enhanced", "function": "_recognize_speech", "line": 624}
{"timestamp": "2025-12-01T20:37:08.886468", "level": "INFO", "logger": "assistant.asr", "message": "Audio processed, recognized text: 'and catch that.'", "module": "speech_enhanced", "function": "_audio_callback", "line": 383}
{"timestamp": "2025-12-01T20:37:08.889881", "level": "DEBUG", "logger": "assistant.asr", "message": "No text corrections needed, confidence: 0.80", "module": "speech_enhanced", "function": "_audio_callback", "line": 422}
{"timestamp": "2025-12-01T20:37:14.834182", "level": "INFO", "logger": "assistant.asr", "message": "ML Event: prediction", "module": "logger", "function": "log_ml_event", "line": 122, "event_type": "prediction", "input_text": "", "prediction": "how would you like me to handle this different", "confidence": 1.0, "processing_time_ms": 1188.51637840271}
{"timestamp": "2025-12-01T20:37:14.834336", "level": "INFO", "logger": "assistant.asr", "message": "Google ASR successful: 'how would you like me to handle this different' in 1.189s", "module": "speech_enhanced", "function": "_recognize_speech", "line": 598}
{"timestamp": "2025-12-01T20:37:14.834592", "level": "INFO", "logger": "assistant.asr", "message": "Audio processed, recognized text: 'how would you like me to handle this different'", "module": "speech_enhanced", "function": "_audio_callback", "line": 383}
{"timestamp": "2025-12-01T20:37:14.841236", "level": "INFO", "logger": "assistant.asr", "message": "Text corrections applied: 4 corrections, confidence: 0.75", "module": "speech_enhanced", "function": "_audio_callback", "line": 419}
{"timestamp": "2025-12-01T20:37:23.747860", "level": "INFO", "logger": "assistant.asr", "message": "ML Event: prediction", "module": "logger", "function": "log_ml_event", "line": 122, "event_type": "prediction", "input_text": "", "prediction": "sorry I didn't understand that command", "confidence": 1.0, "processing_time_ms": 3340.7199382781982}
{"timestamp": "2025-12-01T20:37:23.748018", "level": "INFO", "logger": "assistant.asr", "message": "Google ASR successful: 'sorry I didn't understand that command' in 3.341s", "module": "speech_enhanced", "function": "_recognize_speech", "line": 598}
{"timestamp": "2025-12-01T20:37:23.748197", "level": "INFO", "logger": "assistant.asr", "message": "Audio processed, recognized text: 'sorry I didn't understand that command'", "module": "speech_enhanced", "function": "_audio_callback", "line": 383}
{"timestamp": "2025-12-01T20:37:23.753830", "level": "INFO", "logger": "assistant.asr", "message": "Text corrections applied: 0 corrections, confidence: 1.00", "module": "speech_enhanced", "function": "_audio_callback", "line": 419}
{"timestamp": "2025-12-01T20:37:27.657274", "level": "INFO", "logger": "assistant.asr", "message": "ML Event: prediction", "module": "logger", "function": "log_ml_event", "line": 122, "event_type": "prediction", "input_text": "", "prediction": "how would you like me to handle this", "confidence": 1.0, "processing_time_ms": 937.8635883331299}
{"timestamp": "2025-12-01T20:37:27.657414", "level": "INFO", "logger": "assistant.asr", "message": "Google ASR successful: 'how would you like me to handle this' in 0.938s", "module": "speech_enhanced", "function": "_recognize_speech", "line": 598}
{"timestamp": "2025-12-01T20:37:27.657599", "level": "INFO", "logger": "assistant.asr", "message": "Audio processed, recognized text: 'how would you like me to handle this'", "module": "speech_enhanced", "function": "_audio_callback", "line": 383}
{"timestamp": "2025-12-01T20:37:27.663048", "level": "INFO", "logger": "assistant.asr", "message": "Text corrections applied: 4 corrections, confidence: 0.75", "module": "speech_enhanced", "function": "_audio_callback", "line": 419}
{"timestamp": "2025-12-01T20:37:32.400847", "level": "INFO", "logger": "assistant.asr", "message": "ML Event: prediction", "module": "logger", "function": "log_ml_event", "line": 122, "event_type": "prediction", "input_text": "", "prediction": "could you repeat that", "confidence": 1.0, "processing_time_ms": 652.3058414459229}
{"timestamp": "2025-12-01T20:37:32.401008", "level": "INFO", "logger": "assistant.asr", "message": "Google ASR successful: 'could you repeat that' in 0.652s", "module": "speech_enhanced", "function": "_recognize_speech", "line": 598}
{"timestamp": "2025-12-01T20:37:32.401273", "level": "INFO", "logger": "assistant.asr", "message": "Audio processed, recognized text: 'could you repeat that'", "module": "speech_enhanced", "function": "_audio_callback", "line": 383}
{"timestamp": "2025-12-01T20:37:32.405788", "level": "DEBUG", "logger": "assistant.asr", "message": "No text corrections needed, confidence: 1.00", "module": "speech_enhanced", "function": "_audio_callback", "line": 422}
{"timestamp": "2025-12-01T20:37:38.968531", "level": "INFO", "logger": "assistant.asr", "message": "ML Event: prediction", "module": "logger", "function": "log_ml_event", "line": 122, "event_type": "prediction", "input_text": "", "prediction": "how would you like me to handle this", "confidence": 1.0, "processing_time_ms": 1426.339864730835}
{"timestamp": "2025-12-01T20:37:38.968732", "level": "INFO", "logger": "assistant.asr", "message": "Google ASR successful: 'how would you like me to handle this' in 1.426s", "module": "speech_enhanced", "function": "_recognize_speech", "line": 598}
{"timestamp": "2025-12-01T20:37:38.968925", "level": "INFO", "logger": "assistant.asr", "message": "Audio processed, recognized text: 'how would you like me to handle this'", "module": "speech_enhanced", "function": "_audio_callback", "line": 383}
{"timestamp": "2025-12-01T20:37:38.974426", "level": "INFO", "logger": "assistant.asr", "message": "Text corrections applied: 4 corrections, confidence: 0.75", "module": "speech_enhanced", "function": "_audio_callback", "line": 419}
{"timestamp": "2025-12-01T20:54:05.642460", "level": "INFO", "logger": "assistant.asr", "message": "ML Event: prediction", "module": "logger", "function": "log_ml_event", "line": 122, "event_type": "prediction", "input_text": "", "prediction": "Jarvis open GitHub on Chrome", "confidence": 1.0, "processing_time_ms": 1686.3024234771729}
{"timestamp": "2025-12-01T20:54:05.642667", "level": "INFO", "logger": "assistant.asr", "message": "Google ASR successful: 'Jarvis open GitHub on Chrome' in 1.686s", "module": "speech_enhanced", "function": "_recognize_speech", "line": 598}
{"timestamp": "2025-12-01T20:54:05.642869", "level": "INFO", "logger": "assistant.asr", "message": "Audio processed, recognized text: 'Jarvis open GitHub on Chrome'", "module": "speech_enhanced", "function": "_audio_callback", "line": 383}
{"timestamp": "2025-12-01T20:54:05.649924", "level": "INFO", "logger": "assistant.asr", "message": "Text corrections applied: 4 corrections, confidence: 0.92", "module": "speech_enhanced", "function": "_audio_callback", "line": 419}
{"timestamp": "2025-12-01T20:54:06.751386", "level": "INFO", "logger": "assistant.asr", "message": "Wake word 'jarvis' detected", "module": "speech_enhanced", "function": "_audio_callback", "line": 457}
{"timestamp": "2025-12-01T20:54:06.751639", "level": "INFO", "logger": "assistant.asr", "message": "Processing command after wake word: 'open github on chrome'", "module": "speech_enhanced", "function": "_audio_callback", "line": 468}
{"timestamp": "2025-12-01T20:54:12.429423", "level": "DEBUG", "logger": "assistant.asr", "message": "Google ASR: no speech detected", "module": "speech_enhanced", "function": "_recognize_speech", "line": 602}
{"timestamp": "2025-12-01T20:54:13.412870", "level": "INFO", "logger": "assistant.asr", "message": "ML ASR successful (fallback=True): 'been chrome for you'", "module": "speech_enhanced", "function": "_recognize_speech", "line": 624}
{"timestamp": "2025-12-01T20:54:13.413167", "level": "INFO", "logger": "assistant.asr", "message": "Audio processed, recognized text: 'been chrome for you'", "module": "speech_enhanced", "function": "_audio_callback", "line": 383}
{"timestamp": "2025-12-01T20:54:13.416850", "level": "INFO", "logger": "assistant.asr", "message": "Text corrections applied: 3 corrections, confidence: 0.90", "module": "speech_enhanced", "function": "_audio_callback", "line": 419}
{"timestamp": "2025-12-01T20:54:25.331626", "level": "INFO", "logger": "assistant.asr", "message": "ML Event: prediction", "module": "logger", "function": "log_ml_event", "line": 122, "event_type": "prediction", "input_text": "", "prediction": "how would you like me to handle this", "confidence": 1.0, "processing_time_ms": 1173.4919548034668}
{"timestamp": "2025-12-01T20:54:25.331776", "level": "INFO", "logger": "assistant.asr", "message": "Google ASR successful: 'how would you like me to handle this' in 1.173s", "module": "speech_enhanced", "function": "_recognize_speech", "line": 598}
{"timestamp": "2025-12-01T20:54:25.331932", "level": "INFO", "logger": "assistant.asr", "message": "Audio processed, recognized text: 'how would you like me to handle this'", "module": "speech_enhanced", "function": "_audio_callback", "line": 383}
{"timestamp": "2025-12-01T20:54:25.338013", "level": "INFO", "logger": "assistant.asr", "message": "Text corrections applied: 4 corrections, confidence: 0.75", "module": "speech_enhanced", "function": "_audio_callback", "line": 419}
