{"timestamp": "2025-12-01T20:03:19.238611", "level": "INFO", "logger": "assistant.data_pipeline", "message": "Created version test_data_20251201T200319236339_b28a178e for test_data", "module": "data_collection_pipeline", "function": "create_version", "line": 388}
{"timestamp": "2025-12-01T20:03:19.242809", "level": "INFO", "logger": "assistant.data_pipeline", "message": "Created backup: backup_20251201_200319", "module": "data_collection_pipeline", "function": "create_backup", "line": 468}
{"timestamp": "2025-12-01T20:03:19.252525", "level": "INFO", "logger": "assistant.data_pipeline", "message": "Starting data collection pipeline", "module": "data_collection_pipeline", "function": "start_pipeline", "line": 955}
{"timestamp": "2025-12-01T20:03:19.254717", "level": "INFO", "logger": "assistant.data_pipeline", "message": "Starting learning cycle", "module": "data_collection_pipeline", "function": "run_learning_cycle", "line": 617}
{"timestamp": "2025-12-01T20:03:19.261439", "level": "INFO", "logger": "assistant.data_pipeline", "message": "Created version feedback_data_20251201T200319257923_6e5936de for feedback_data", "module": "data_collection_pipeline", "function": "create_version", "line": 388}
{"timestamp": "2025-12-01T20:03:19.263198", "level": "INFO", "logger": "assistant.data_pipeline", "message": "Created version model_data_20251201T200319261556_99914b93 for model_data", "module": "data_collection_pipeline", "function": "create_version", "line": 388}
{"timestamp": "2025-12-01T20:03:19.265808", "level": "INFO", "logger": "assistant.data_pipeline", "message": "Created backup: backup_20251201_200319", "module": "data_collection_pipeline", "function": "create_backup", "line": 468}
{"timestamp": "2025-12-01T20:03:19.265911", "level": "INFO", "logger": "assistant.data_pipeline", "message": "Feedback data quality sufficient for learning", "module": "data_collection_pipeline", "function": "_process_feedback_data", "line": 695}
{"timestamp": "2025-12-01T20:03:19.265960", "level": "INFO", "logger": "assistant.data_pipeline", "message": "Processing usage data for insights", "module": "data_collection_pipeline", "function": "_process_usage_data", "line": 702}
{"timestamp": "2025-12-01T20:03:19.266014", "level": "INFO", "logger": "assistant.data_pipeline", "message": "Processing performance data for optimization", "module": "data_collection_pipeline", "function": "_process_performance_data", "line": 707}
{"timestamp": "2025-12-01T20:03:19.266943", "level": "INFO", "logger": "assistant.data_pipeline", "message": "Learning cycle completed", "module": "data_collection_pipeline", "function": "run_learning_cycle", "line": 654}
{"timestamp": "2025-12-01T20:03:19.267041", "level": "INFO", "logger": "assistant.data_pipeline", "message": "Stopping data collection pipeline", "module": "data_collection_pipeline", "function": "stop_pipeline", "line": 996}
{"timestamp": "2025-12-01T20:03:39.285765", "level": "INFO", "logger": "assistant.data_pipeline", "message": "Interaction analysis: 1 interactions, 1/1 successful, avg complexity: 0.30, avg processing time: 0.234s", "module": "data_collection_pipeline", "function": "_analyze_interaction_patterns", "line": 790}
{"timestamp": "2025-12-01T20:05:11.654383", "level": "INFO", "logger": "assistant.data_pipeline", "message": "Created version test_data_20251201T200511652242_f57b4d44 for test_data", "module": "data_collection_pipeline", "function": "create_version", "line": 388}
{"timestamp": "2025-12-01T20:05:11.656887", "level": "INFO", "logger": "assistant.data_pipeline", "message": "Created backup: backup_20251201_200511", "module": "data_collection_pipeline", "function": "create_backup", "line": 468}
{"timestamp": "2025-12-01T20:05:11.667296", "level": "INFO", "logger": "assistant.data_pipeline", "message": "Starting data collection pipeline", "module": "data_collection_pipeline", "function": "start_pipeline", "line": 955}
{"timestamp": "2025-12-01T20:05:11.668533", "level": "INFO", "logger": "assistant.data_pipeline", "message": "Starting learning cycle", "module": "data_collection_pipeline", "function": "run_learning_cycle", "line": 617}
{"timestamp": "2025-12-01T20:05:11.672947", "level": "INFO", "logger": "assistant.data_pipeline", "message": "Created version feedback_data_20251201T200511670739_01116f6a for feedback_data", "module": "data_collection_pipeline", "function": "create_version", "line": 388}
{"timestamp": "2025-12-01T20:05:11.674788", "level": "INFO", "logger": "assistant.data_pipeline", "message": "Created version model_data_20251201T200511673055_99914b93 for model_data", "module": "data_collection_pipeline", "function": "create_version", "line": 388}
{"timestamp": "2025-12-01T20:05:11.677705", "level": "INFO", "logger": "assistant.data_pipeline", "message": "Created backup: backup_20251201_200511", "module": "data_collection_pipeline", "function": "create_backup", "line": 468}
{"timestamp": "2025-12-01T20:05:11.677794", "level": "INFO", "logger": "assistant.data_pipeline", "message": "Feedback data quality sufficient for learning", "module": "data_collection_pipeline", "function": "_process_feedback_data", "line": 695}
{"timestamp": "2025-12-01T20:05:11.677839", "level": "INFO", "logger": "assistant.data_pipeline", "message": "Processing usage data for insights", "module": "data_collection_pipeline", "function": "_process_usage_data", "line": 702}
{"timestamp": "2025-12-01T20:05:11.677879", "level": "INFO", "logger": "assistant.data_pipeline", "message": "Processing performance data for optimization", "module": "data_collection_pipeline", "function": "_process_performance_data", "line": 707}
{"timestamp": "2025-12-01T20:05:11.678769", "level": "INFO", "logger": "assistant.data_pipeline", "message": "Learning cycle completed", "module": "data_collection_pipeline", "function": "run_learning_cycle", "line": 654}
{"timestamp": "2025-12-01T20:05:11.678840", "level": "INFO", "logger": "assistant.data_pipeline", "message": "Stopping data collection pipeline", "module": "data_collection_pipeline", "function": "stop_pipeline", "line": 996}
{"timestamp": "2025-12-01T20:05:31.691205", "level": "INFO", "logger": "assistant.data_pipeline", "message": "Interaction analysis: 1 interactions, 1/1 successful, avg complexity: 0.30, avg processing time: 0.234s", "module": "data_collection_pipeline", "function": "_analyze_interaction_patterns", "line": 790}
