{"timestamp": "2025-12-01T20:21:55.218246", "level": "INFO", "logger": "assistant.dialogue_tracker", "message": "Loaded user preferences from user_preferences.json", "module": "dialogue_state_tracker", "function": "_load_persisted_state", "line": 117}
{"timestamp": "2025-12-01T20:21:55.218647", "level": "INFO", "logger": "assistant.dialogue_tracker", "message": "Session expired (age=6438.5s > timeout=1800s), not loading history", "module": "dialogue_state_tracker", "function": "_load_persisted_state", "line": 135}
{"timestamp": "2025-12-01T20:22:18.538093", "level": "INFO", "logger": "assistant.dialogue_tracker", "message": "Added conversation turn: intent='unknown', confidence=0.00, success=False, entities=1, processing_time=0.000s", "module": "dialogue_state_tracker", "function": "add_turn", "line": 224}
{"timestamp": "2025-12-01T20:22:18.538378", "level": "DEBUG", "logger": "assistant.dialogue_tracker", "message": "Turn details: input='open...', response='Failed to execute unknown...', context_refs=[]", "module": "dialogue_state_tracker", "function": "add_turn", "line": 225}
{"timestamp": "2025-12-01T20:22:32.582516", "level": "INFO", "logger": "assistant.dialogue_tracker", "message": "Context-aware intent processing: base='open_application' -> enhanced='open_application', entities_changed=False, enhancements=[]", "module": "dialogue_state_tracker", "function": "get_context_aware_intent", "line": 337}
{"timestamp": "2025-12-01T20:22:32.582579", "level": "DEBUG", "logger": "assistant.dialogue_tracker", "message": "Context processing details: input='open edge  open edge...', processing_time=0.000s, base_entities={'application': 'edge  open edge'}, enhanced_entities={'application': 'edge  open edge'}", "module": "dialogue_state_tracker", "function": "get_context_aware_intent", "line": 338}
{"timestamp": "2025-12-01T20:22:33.690075", "level": "INFO", "logger": "assistant.dialogue_tracker", "message": "Added conversation turn: intent='open_application', confidence=0.90, success=True, entities=1, processing_time=0.000s", "module": "dialogue_state_tracker", "function": "add_turn", "line": 224}
{"timestamp": "2025-12-01T20:22:33.690197", "level": "DEBUG", "logger": "assistant.dialogue_tracker", "message": "Turn details: input='open edge  open edge...', response='Opening edge  open edge...', context_refs=[]", "module": "dialogue_state_tracker", "function": "add_turn", "line": 225}
{"timestamp": "2025-12-01T20:22:37.068924", "level": "INFO", "logger": "assistant.dialogue_tracker", "message": "Added conversation turn: intent='unknown', confidence=0.00, success=True, entities=1, processing_time=0.000s", "module": "dialogue_state_tracker", "function": "add_turn", "line": 224}
{"timestamp": "2025-12-01T20:22:37.069110", "level": "DEBUG", "logger": "assistant.dialogue_tracker", "message": "Turn details: input='yes sir...', response='Executed unknown...', context_refs=[]", "module": "dialogue_state_tracker", "function": "add_turn", "line": 225}
{"timestamp": "2025-12-01T20:22:48.987453", "level": "INFO", "logger": "assistant.dialogue_tracker", "message": "Added conversation turn: intent='unknown', confidence=0.00, success=False, entities=1, processing_time=0.000s", "module": "dialogue_state_tracker", "function": "add_turn", "line": 224}
{"timestamp": "2025-12-01T20:22:48.987590", "level": "DEBUG", "logger": "assistant.dialogue_tracker", "message": "Turn details: input='i'm known....', response='Failed to execute unknown...', context_refs=[]", "module": "dialogue_state_tracker", "function": "add_turn", "line": 225}
{"timestamp": "2025-12-01T20:23:01.756837", "level": "INFO", "logger": "assistant.dialogue_tracker", "message": "Added conversation turn: intent='unknown', confidence=0.00, success=False, entities=1, processing_time=0.000s", "module": "dialogue_state_tracker", "function": "add_turn", "line": 224}
{"timestamp": "2025-12-01T20:23:01.757087", "level": "DEBUG", "logger": "assistant.dialogue_tracker", "message": "Turn details: input='that command didn't Word as expected....', response='Failed to execute unknown...', context_refs=['previous_result']", "module": "dialogue_state_tracker", "function": "add_turn", "line": 225}
{"timestamp": "2025-12-01T20:23:09.112202", "level": "INFO", "logger": "assistant.dialogue_tracker", "message": "Added conversation turn: intent='unknown', confidence=0.00, success=False, entities=1, processing_time=0.000s", "module": "dialogue_state_tracker", "function": "add_turn", "line": 224}
{"timestamp": "2025-12-01T20:23:09.112456", "level": "DEBUG", "logger": "assistant.dialogue_tracker", "message": "Turn details: input='you repeat that....', response='Failed to execute unknown...', context_refs=['previous_result']", "module": "dialogue_state_tracker", "function": "add_turn", "line": 225}
{"timestamp": "2025-12-01T20:23:15.491799", "level": "INFO", "logger": "assistant.dialogue_tracker", "message": "Added conversation turn: intent='unknown', confidence=0.00, success=False, entities=1, processing_time=0.000s", "module": "dialogue_state_tracker", "function": "add_turn", "line": 224}
{"timestamp": "2025-12-01T20:23:15.491944", "level": "DEBUG", "logger": "assistant.dialogue_tracker", "message": "Turn details: input='handle this differently....', response='Failed to execute unknown...', context_refs=['current_context']", "module": "dialogue_state_tracker", "function": "add_turn", "line": 225}
{"timestamp": "2025-12-01T20:23:21.275275", "level": "INFO", "logger": "assistant.dialogue_tracker", "message": "Added conversation turn: intent='unknown', confidence=0.00, success=False, entities=1, processing_time=0.000s", "module": "dialogue_state_tracker", "function": "add_turn", "line": 224}
{"timestamp": "2025-12-01T20:23:21.275417", "level": "DEBUG", "logger": "assistant.dialogue_tracker", "message": "Turn details: input='i didn't cat...', response='Failed to execute unknown...', context_refs=[]", "module": "dialogue_state_tracker", "function": "add_turn", "line": 225}
{"timestamp": "2025-12-01T20:23:29.556209", "level": "INFO", "logger": "assistant.dialogue_tracker", "message": "Added conversation turn: intent='unknown', confidence=0.00, success=False, entities=1, processing_time=0.000s", "module": "dialogue_state_tracker", "function": "add_turn", "line": 224}
{"timestamp": "2025-12-01T20:23:29.556438", "level": "DEBUG", "logger": "assistant.dialogue_tracker", "message": "Turn details: input='settings me know....', response='Failed to execute unknown...', context_refs=[]", "module": "dialogue_state_tracker", "function": "add_turn", "line": 225}
{"timestamp": "2025-12-01T20:23:35.938142", "level": "DEBUG", "logger": "assistant.dialogue_tracker", "message": "Saved persisted state: 10 turns to conversation_history.json", "module": "dialogue_state_tracker", "function": "_save_persisted_state", "line": 164}
{"timestamp": "2025-12-01T20:23:35.938270", "level": "INFO", "logger": "assistant.dialogue_tracker", "message": "Added conversation turn: intent='unknown', confidence=0.00, success=False, entities=1, processing_time=0.015s", "module": "dialogue_state_tracker", "function": "add_turn", "line": 224}
{"timestamp": "2025-12-01T20:23:35.938323", "level": "DEBUG", "logger": "assistant.dialogue_tracker", "message": "Turn details: input='that command didn't Word as expected....', response='Failed to execute unknown...', context_refs=['previous_result']", "module": "dialogue_state_tracker", "function": "add_turn", "line": 225}
{"timestamp": "2025-12-01T20:24:15.660021", "level": "INFO", "logger": "assistant.dialogue_tracker", "message": "Loaded user preferences from user_preferences.json", "module": "dialogue_state_tracker", "function": "_load_persisted_state", "line": 117}
{"timestamp": "2025-12-01T20:24:15.660478", "level": "INFO", "logger": "assistant.dialogue_tracker", "message": "Loaded conversation history: 10 turns, session_age=140.4s", "module": "dialogue_state_tracker", "function": "_load_persisted_state", "line": 133}
{"timestamp": "2025-12-01T20:24:52.272713", "level": "INFO", "logger": "assistant.dialogue_tracker", "message": "Added conversation turn: intent='unknown', confidence=0.00, success=False, entities=1, processing_time=0.000s", "module": "dialogue_state_tracker", "function": "add_turn", "line": 224}
{"timestamp": "2025-12-01T20:24:52.272914", "level": "DEBUG", "logger": "assistant.dialogue_tracker", "message": "Turn details: input='i'm listening....', response='Failed to execute unknown...', context_refs=[]", "module": "dialogue_state_tracker", "function": "add_turn", "line": 225}
{"timestamp": "2025-12-01T20:25:01.075780", "level": "INFO", "logger": "assistant.dialogue_tracker", "message": "Added conversation turn: intent='unknown', confidence=0.00, success=False, entities=1, processing_time=0.000s", "module": "dialogue_state_tracker", "function": "add_turn", "line": 224}
{"timestamp": "2025-12-01T20:25:01.075908", "level": "DEBUG", "logger": "assistant.dialogue_tracker", "message": "Turn details: input='didn't Word as expected....', response='Failed to execute unknown...', context_refs=[]", "module": "dialogue_state_tracker", "function": "add_turn", "line": 225}
{"timestamp": "2025-12-01T20:25:10.996304", "level": "INFO", "logger": "assistant.dialogue_tracker", "message": "Added conversation turn: intent='unknown', confidence=0.00, success=False, entities=1, processing_time=0.000s", "module": "dialogue_state_tracker", "function": "add_turn", "line": 224}
{"timestamp": "2025-12-01T20:25:10.996437", "level": "DEBUG", "logger": "assistant.dialogue_tracker", "message": "Turn details: input='that command didn't Word as expected....', response='Failed to execute unknown...', context_refs=['previous_result']", "module": "dialogue_state_tracker", "function": "add_turn", "line": 225}
{"timestamp": "2025-12-01T20:25:18.095173", "level": "INFO", "logger": "assistant.dialogue_tracker", "message": "Added conversation turn: intent='unknown', confidence=0.00, success=False, entities=1, processing_time=0.000s", "module": "dialogue_state_tracker", "function": "add_turn", "line": 224}
{"timestamp": "2025-12-01T20:25:18.095407", "level": "DEBUG", "logger": "assistant.dialogue_tracker", "message": "Turn details: input='repeat that....', response='Failed to execute unknown...', context_refs=['previous_result']", "module": "dialogue_state_tracker", "function": "add_turn", "line": 225}
{"timestamp": "2025-12-01T20:26:59.457849", "level": "INFO", "logger": "assistant.dialogue_tracker", "message": "Loaded user preferences from user_preferences.json", "module": "dialogue_state_tracker", "function": "_load_persisted_state", "line": 117}
{"timestamp": "2025-12-01T20:26:59.458283", "level": "INFO", "logger": "assistant.dialogue_tracker", "message": "Loaded conversation history: 10 turns, session_age=304.2s", "module": "dialogue_state_tracker", "function": "_load_persisted_state", "line": 133}
{"timestamp": "2025-12-01T20:28:02.509520", "level": "INFO", "logger": "assistant.dialogue_tracker", "message": "Added conversation turn: intent='unknown', confidence=0.00, success=False, entities=1, processing_time=0.000s", "module": "dialogue_state_tracker", "function": "add_turn", "line": 224}
{"timestamp": "2025-12-01T20:28:02.509663", "level": "DEBUG", "logger": "assistant.dialogue_tracker", "message": "Turn details: input='can you hear me...', response='Failed to execute unknown...', context_refs=[]", "module": "dialogue_state_tracker", "function": "add_turn", "line": 225}
{"timestamp": "2025-12-01T20:28:12.627768", "level": "INFO", "logger": "assistant.dialogue_tracker", "message": "Context-aware intent processing: base='open_application' -> enhanced='open_application', entities_changed=False, enhancements=[]", "module": "dialogue_state_tracker", "function": "get_context_aware_intent", "line": 337}
{"timestamp": "2025-12-01T20:28:12.627847", "level": "DEBUG", "logger": "assistant.dialogue_tracker", "message": "Context processing details: input='open spotify...', processing_time=0.000s, base_entities={'application': 'spotify'}, enhanced_entities={'application': 'spotify'}", "module": "dialogue_state_tracker", "function": "get_context_aware_intent", "line": 338}
{"timestamp": "2025-12-01T20:28:13.735749", "level": "INFO", "logger": "assistant.dialogue_tracker", "message": "Added conversation turn: intent='open_application', confidence=0.90, success=True, entities=1, processing_time=0.000s", "module": "dialogue_state_tracker", "function": "add_turn", "line": 224}
{"timestamp": "2025-12-01T20:28:13.735936", "level": "DEBUG", "logger": "assistant.dialogue_tracker", "message": "Turn details: input='open Spotify...', response='Opening spotify...', context_refs=[]", "module": "dialogue_state_tracker", "function": "add_turn", "line": 225}
{"timestamp": "2025-12-01T20:28:21.099167", "level": "INFO", "logger": "assistant.dialogue_tracker", "message": "Added conversation turn: intent='unknown', confidence=0.00, success=False, entities=1, processing_time=0.000s", "module": "dialogue_state_tracker", "function": "add_turn", "line": 224}
{"timestamp": "2025-12-01T20:28:21.099331", "level": "DEBUG", "logger": "assistant.dialogue_tracker", "message": "Turn details: input='show opening Spotify...', response='Failed to execute unknown...', context_refs=[]", "module": "dialogue_state_tracker", "function": "add_turn", "line": 225}
{"timestamp": "2025-12-01T20:28:28.502614", "level": "INFO", "logger": "assistant.dialogue_tracker", "message": "Added conversation turn: intent='unknown', confidence=0.00, success=False, entities=1, processing_time=0.000s", "module": "dialogue_state_tracker", "function": "add_turn", "line": 224}
{"timestamp": "2025-12-01T20:28:28.502784", "level": "DEBUG", "logger": "assistant.dialogue_tracker", "message": "Turn details: input='Word is expected....', response='Failed to execute unknown...', context_refs=[]", "module": "dialogue_state_tracker", "function": "add_turn", "line": 225}
{"timestamp": "2025-12-01T20:28:32.974809", "level": "INFO", "logger": "assistant.dialogue_tracker", "message": "Added conversation turn: intent='unknown', confidence=0.00, success=True, entities=1, processing_time=0.000s", "module": "dialogue_state_tracker", "function": "add_turn", "line": 224}
{"timestamp": "2025-12-01T20:28:32.975000", "level": "DEBUG", "logger": "assistant.dialogue_tracker", "message": "Turn details: input='thanks for settings me know....', response='Executed unknown...', context_refs=[]", "module": "dialogue_state_tracker", "function": "add_turn", "line": 225}
{"timestamp": "2025-12-01T20:29:03.100409", "level": "INFO", "logger": "assistant.dialogue_tracker", "message": "Added conversation turn: intent='unknown', confidence=0.00, success=False, entities=1, processing_time=0.000s", "module": "dialogue_state_tracker", "function": "add_turn", "line": 224}
{"timestamp": "2025-12-01T20:29:03.100547", "level": "DEBUG", "logger": "assistant.dialogue_tracker", "message": "Turn details: input='that commands didn't Word as expected....', response='Failed to execute unknown...', context_refs=['previous_result']", "module": "dialogue_state_tracker", "function": "add_turn", "line": 225}
{"timestamp": "2025-12-01T20:29:12.328940", "level": "INFO", "logger": "assistant.dialogue_tracker", "message": "Added conversation turn: intent='unknown', confidence=0.00, success=False, entities=1, processing_time=0.000s", "module": "dialogue_state_tracker", "function": "add_turn", "line": 224}
{"timestamp": "2025-12-01T20:29:12.329118", "level": "DEBUG", "logger": "assistant.dialogue_tracker", "message": "Turn details: input='didn't Word as expected....', response='Failed to execute unknown...', context_refs=[]", "module": "dialogue_state_tracker", "function": "add_turn", "line": 225}
{"timestamp": "2025-12-01T20:29:25.028367", "level": "INFO", "logger": "assistant.dialogue_tracker", "message": "Added conversation turn: intent='unknown', confidence=0.00, success=False, entities=1, processing_time=0.000s", "module": "dialogue_state_tracker", "function": "add_turn", "line": 224}
{"timestamp": "2025-12-01T20:29:25.028503", "level": "DEBUG", "logger": "assistant.dialogue_tracker", "message": "Turn details: input='how Word you like me 2 handle this difference?...', response='Failed to execute unknown...', context_refs=['current_context']", "module": "dialogue_state_tracker", "function": "add_turn", "line": 225}
{"timestamp": "2025-12-01T20:29:32.506165", "level": "INFO", "logger": "assistant.dialogue_tracker", "message": "Added conversation turn: intent='unknown', confidence=0.00, success=False, entities=1, processing_time=0.000s", "module": "dialogue_state_tracker", "function": "add_turn", "line": 224}
{"timestamp": "2025-12-01T20:29:32.506316", "level": "DEBUG", "logger": "assistant.dialogue_tracker", "message": "Turn details: input='didn't Word he's expected....', response='Failed to execute unknown...', context_refs=[]", "module": "dialogue_state_tracker", "function": "add_turn", "line": 225}
{"timestamp": "2025-12-01T20:29:58.042687", "level": "INFO", "logger": "assistant.dialogue_tracker", "message": "Loaded user preferences from user_preferences.json", "module": "dialogue_state_tracker", "function": "_load_persisted_state", "line": 117}
{"timestamp": "2025-12-01T20:29:58.043103", "level": "INFO", "logger": "assistant.dialogue_tracker", "message": "Loaded conversation history: 10 turns, session_age=482.8s", "module": "dialogue_state_tracker", "function": "_load_persisted_state", "line": 133}
{"timestamp": "2025-12-01T20:30:21.005597", "level": "INFO", "logger": "assistant.dialogue_tracker", "message": "Added conversation turn: intent='unknown', confidence=0.00, success=False, entities=1, processing_time=0.000s", "module": "dialogue_state_tracker", "function": "add_turn", "line": 224}
{"timestamp": "2025-12-01T20:30:21.005739", "level": "DEBUG", "logger": "assistant.dialogue_tracker", "message": "Turn details: input='open...', response='Failed to execute unknown...', context_refs=[]", "module": "dialogue_state_tracker", "function": "add_turn", "line": 225}
{"timestamp": "2025-12-01T20:30:36.850038", "level": "INFO", "logger": "assistant.dialogue_tracker", "message": "Added conversation turn: intent='unknown', confidence=0.00, success=True, entities=1, processing_time=0.000s", "module": "dialogue_state_tracker", "function": "add_turn", "line": 224}
{"timestamp": "2025-12-01T20:30:36.854368", "level": "DEBUG", "logger": "assistant.dialogue_tracker", "message": "Turn details: input='thanks for settings me know....', response='Executed unknown...', context_refs=[]", "module": "dialogue_state_tracker", "function": "add_turn", "line": 225}
{"timestamp": "2025-12-01T20:30:45.130258", "level": "INFO", "logger": "assistant.dialogue_tracker", "message": "Added conversation turn: intent='unknown', confidence=0.00, success=False, entities=1, processing_time=0.000s", "module": "dialogue_state_tracker", "function": "add_turn", "line": 224}
{"timestamp": "2025-12-01T20:30:45.130419", "level": "DEBUG", "logger": "assistant.dialogue_tracker", "message": "Turn details: input='i'm entirely sure about unknown....', response='Failed to execute unknown...', context_refs=[]", "module": "dialogue_state_tracker", "function": "add_turn", "line": 225}
{"timestamp": "2025-12-01T20:30:58.855083", "level": "INFO", "logger": "assistant.dialogue_tracker", "message": "Added conversation turn: intent='unknown', confidence=0.00, success=False, entities=1, processing_time=0.000s", "module": "dialogue_state_tracker", "function": "add_turn", "line": 224}
{"timestamp": "2025-12-01T20:30:58.855283", "level": "DEBUG", "logger": "assistant.dialogue_tracker", "message": "Turn details: input='Word is expected. how Word you like me 2 handle th...', response='Failed to execute unknown...', context_refs=['current_context']", "module": "dialogue_state_tracker", "function": "add_turn", "line": 225}
{"timestamp": "2025-12-01T20:31:53.771003", "level": "INFO", "logger": "assistant.dialogue_tracker", "message": "Loaded user preferences from user_preferences.json", "module": "dialogue_state_tracker", "function": "_load_persisted_state", "line": 117}
{"timestamp": "2025-12-01T20:31:53.771525", "level": "INFO", "logger": "assistant.dialogue_tracker", "message": "Loaded conversation history: 10 turns, session_age=598.6s", "module": "dialogue_state_tracker", "function": "_load_persisted_state", "line": 133}
{"timestamp": "2025-12-01T20:32:14.733929", "level": "INFO", "logger": "assistant.dialogue_tracker", "message": "Loaded user preferences from user_preferences.json", "module": "dialogue_state_tracker", "function": "_load_persisted_state", "line": 117}
{"timestamp": "2025-12-01T20:32:14.734346", "level": "INFO", "logger": "assistant.dialogue_tracker", "message": "Loaded conversation history: 10 turns, session_age=619.5s", "module": "dialogue_state_tracker", "function": "_load_persisted_state", "line": 133}
{"timestamp": "2025-12-01T20:32:22.037768", "level": "INFO", "logger": "assistant.dialogue_tracker", "message": "Added conversation turn: intent='unknown', confidence=0.00, success=False, entities=1, processing_time=0.000s", "module": "dialogue_state_tracker", "function": "add_turn", "line": 224}
{"timestamp": "2025-12-01T20:32:22.038004", "level": "DEBUG", "logger": "assistant.dialogue_tracker", "message": "Turn details: input='systems initializing....', response='Failed to execute unknown...', context_refs=['last_entity']", "module": "dialogue_state_tracker", "function": "add_turn", "line": 225}
{"timestamp": "2025-12-01T20:33:48.688493", "level": "INFO", "logger": "assistant.dialogue_tracker", "message": "Loaded user preferences from user_preferences.json", "module": "dialogue_state_tracker", "function": "_load_persisted_state", "line": 117}
{"timestamp": "2025-12-01T20:33:48.688991", "level": "INFO", "logger": "assistant.dialogue_tracker", "message": "Loaded conversation history: 10 turns, session_age=713.5s", "module": "dialogue_state_tracker", "function": "_load_persisted_state", "line": 133}
{"timestamp": "2025-12-01T20:34:19.710975", "level": "INFO", "logger": "assistant.dialogue_tracker", "message": "Added conversation turn: intent='unknown', confidence=0.00, success=True, entities=1, processing_time=0.000s", "module": "dialogue_state_tracker", "function": "add_turn", "line": 224}
{"timestamp": "2025-12-01T20:34:19.711198", "level": "DEBUG", "logger": "assistant.dialogue_tracker", "message": "Turn details: input='thank you....', response='Executed unknown...', context_refs=[]", "module": "dialogue_state_tracker", "function": "add_turn", "line": 225}
{"timestamp": "2025-12-01T20:34:26.586621", "level": "INFO", "logger": "assistant.dialogue_tracker", "message": "Added conversation turn: intent='unknown', confidence=0.00, success=False, entities=1, processing_time=0.000s", "module": "dialogue_state_tracker", "function": "add_turn", "line": 224}
{"timestamp": "2025-12-01T20:34:26.586764", "level": "DEBUG", "logger": "assistant.dialogue_tracker", "message": "Turn details: input='not entirely sure about....', response='Failed to execute unknown...', context_refs=[]", "module": "dialogue_state_tracker", "function": "add_turn", "line": 225}
{"timestamp": "2025-12-01T20:34:34.771730", "level": "INFO", "logger": "assistant.dialogue_tracker", "message": "Added conversation turn: intent='unknown', confidence=0.00, success=False, entities=1, processing_time=0.000s", "module": "dialogue_state_tracker", "function": "add_turn", "line": 224}
{"timestamp": "2025-12-01T20:34:34.771879", "level": "DEBUG", "logger": "assistant.dialogue_tracker", "message": "Turn details: input='i am not sure what you mean...', response='Failed to execute unknown...', context_refs=[]", "module": "dialogue_state_tracker", "function": "add_turn", "line": 225}
{"timestamp": "2025-12-01T20:34:53.287046", "level": "INFO", "logger": "assistant.dialogue_tracker", "message": "Added conversation turn: intent='unknown', confidence=0.00, success=False, entities=1, processing_time=0.000s", "module": "dialogue_state_tracker", "function": "add_turn", "line": 224}
{"timestamp": "2025-12-01T20:34:53.287228", "level": "DEBUG", "logger": "assistant.dialogue_tracker", "message": "Turn details: input='think we know....', response='Failed to execute unknown...', context_refs=[]", "module": "dialogue_state_tracker", "function": "add_turn", "line": 225}
{"timestamp": "2025-12-01T20:36:23.076944", "level": "INFO", "logger": "assistant.dialogue_tracker", "message": "Loaded user preferences from user_preferences.json", "module": "dialogue_state_tracker", "function": "_load_persisted_state", "line": 117}
{"timestamp": "2025-12-01T20:36:23.077503", "level": "INFO", "logger": "assistant.dialogue_tracker", "message": "Loaded conversation history: 10 turns, session_age=867.9s", "module": "dialogue_state_tracker", "function": "_load_persisted_state", "line": 133}
{"timestamp": "2025-12-01T20:36:58.380122", "level": "INFO", "logger": "assistant.dialogue_tracker", "message": "Context-aware intent processing: base='open_application' -> enhanced='open_application', entities_changed=False, enhancements=[]", "module": "dialogue_state_tracker", "function": "get_context_aware_intent", "line": 337}
{"timestamp": "2025-12-01T20:36:58.380254", "level": "DEBUG", "logger": "assistant.dialogue_tracker", "message": "Context processing details: input='open get up on chrome...', processing_time=0.000s, base_entities={'application': 'get up on chrome'}, enhanced_entities={'application': 'get up on chrome'}", "module": "dialogue_state_tracker", "function": "get_context_aware_intent", "line": 338}
{"timestamp": "2025-12-01T20:36:59.491564", "level": "INFO", "logger": "assistant.dialogue_tracker", "message": "Added conversation turn: intent='open_application', confidence=0.90, success=True, entities=1, processing_time=0.000s", "module": "dialogue_state_tracker", "function": "add_turn", "line": 224}
{"timestamp": "2025-12-01T20:36:59.491704", "level": "DEBUG", "logger": "assistant.dialogue_tracker", "message": "Turn details: input='open get up on chrome...', response='Opening get up on chrome...', context_refs=[]", "module": "dialogue_state_tracker", "function": "add_turn", "line": 225}
{"timestamp": "2025-12-01T20:37:06.136827", "level": "INFO", "logger": "assistant.dialogue_tracker", "message": "Added conversation turn: intent='unknown', confidence=0.00, success=False, entities=1, processing_time=0.000s", "module": "dialogue_state_tracker", "function": "add_turn", "line": 224}
{"timestamp": "2025-12-01T20:37:06.136953", "level": "DEBUG", "logger": "assistant.dialogue_tracker", "message": "Turn details: input='been crored?...', response='Failed to execute unknown...', context_refs=[]", "module": "dialogue_state_tracker", "function": "add_turn", "line": 225}
{"timestamp": "2025-12-01T20:37:15.945243", "level": "INFO", "logger": "assistant.dialogue_tracker", "message": "Added conversation turn: intent='unknown', confidence=0.00, success=False, entities=1, processing_time=0.000s", "module": "dialogue_state_tracker", "function": "add_turn", "line": 224}
{"timestamp": "2025-12-01T20:37:15.945369", "level": "DEBUG", "logger": "assistant.dialogue_tracker", "message": "Turn details: input='how Word you like me 2 handle this different...', response='Failed to execute unknown...', context_refs=['current_context']", "module": "dialogue_state_tracker", "function": "add_turn", "line": 225}
{"timestamp": "2025-12-01T20:37:28.767232", "level": "INFO", "logger": "assistant.dialogue_tracker", "message": "Added conversation turn: intent='unknown', confidence=0.00, success=False, entities=1, processing_time=0.000s", "module": "dialogue_state_tracker", "function": "add_turn", "line": 224}
{"timestamp": "2025-12-01T20:37:28.767362", "level": "DEBUG", "logger": "assistant.dialogue_tracker", "message": "Turn details: input='how Word you like me 2 handle this...', response='Failed to execute unknown...', context_refs=['current_context']", "module": "dialogue_state_tracker", "function": "add_turn", "line": 225}
{"timestamp": "2025-12-01T20:37:40.077025", "level": "INFO", "logger": "assistant.dialogue_tracker", "message": "Added conversation turn: intent='unknown', confidence=0.00, success=False, entities=1, processing_time=0.000s", "module": "dialogue_state_tracker", "function": "add_turn", "line": 224}
{"timestamp": "2025-12-01T20:37:40.077190", "level": "DEBUG", "logger": "assistant.dialogue_tracker", "message": "Turn details: input='how Word you like me 2 handle this...', response='Failed to execute unknown...', context_refs=['current_context', 'repeat_text']", "module": "dialogue_state_tracker", "function": "add_turn", "line": 225}
{"timestamp": "2025-12-01T20:53:50.417018", "level": "INFO", "logger": "assistant.dialogue_tracker", "message": "Loaded user preferences from user_preferences.json", "module": "dialogue_state_tracker", "function": "_load_persisted_state", "line": 117}
{"timestamp": "2025-12-01T20:53:50.417406", "level": "INFO", "logger": "assistant.dialogue_tracker", "message": "Session expired (age=1915.2s > timeout=1800s), not loading history", "module": "dialogue_state_tracker", "function": "_load_persisted_state", "line": 135}
{"timestamp": "2025-12-01T20:54:08.821214", "level": "INFO", "logger": "assistant.dialogue_tracker", "message": "Context-aware intent processing: base='open_application' -> enhanced='open_application', entities_changed=False, enhancements=[]", "module": "dialogue_state_tracker", "function": "get_context_aware_intent", "line": 337}
{"timestamp": "2025-12-01T20:54:08.821363", "level": "DEBUG", "logger": "assistant.dialogue_tracker", "message": "Context processing details: input='open github on chrome...', processing_time=0.000s, base_entities={'application': 'github on chrome'}, enhanced_entities={'application': 'github on chrome'}", "module": "dialogue_state_tracker", "function": "get_context_aware_intent", "line": 338}
{"timestamp": "2025-12-01T20:54:09.929238", "level": "INFO", "logger": "assistant.dialogue_tracker", "message": "Added conversation turn: intent='open_application', confidence=0.90, success=True, entities=1, processing_time=0.000s", "module": "dialogue_state_tracker", "function": "add_turn", "line": 224}
{"timestamp": "2025-12-01T20:54:09.929367", "level": "DEBUG", "logger": "assistant.dialogue_tracker", "message": "Turn details: input='open github on chrome...', response='Opening github on chrome...', context_refs=['last_entity']", "module": "dialogue_state_tracker", "function": "add_turn", "line": 225}
{"timestamp": "2025-12-01T20:54:17.537106", "level": "INFO", "logger": "assistant.dialogue_tracker", "message": "Added conversation turn: intent='unknown', confidence=0.00, success=False, entities=1, processing_time=0.000s", "module": "dialogue_state_tracker", "function": "add_turn", "line": 224}
{"timestamp": "2025-12-01T20:54:17.537233", "level": "DEBUG", "logger": "assistant.dialogue_tracker", "message": "Turn details: input='been Chrome for you...', response='Failed to execute unknown...', context_refs=[]", "module": "dialogue_state_tracker", "function": "add_turn", "line": 225}
