{"timestamp": "2025-12-01T19:44:23.905660", "level": "INFO", "logger": "assistant.intent_classifier", "message": "Model loaded successfully from c:\\Users\\Admin\\OneDrive\\Desktop\\Coding\\AI\\models\\intent_classifier.pkl, intents: 30", "module": "intent_classifier", "function": "load_model", "line": 348}
{"timestamp": "2025-12-01T19:44:23.906265", "level": "INFO", "logger": "assistant.intent_classifier", "message": "Intent classifier quantized using float16 method", "module": "intent_classifier", "function": "quantize_model", "line": 382}
{"timestamp": "2025-12-01T19:44:26.421614", "level": "INFO", "logger": "assistant.intent_classifier", "message": "ML Event: prediction", "module": "logger", "function": "log_ml_event", "line": 122, "event_type": "prediction", "input_text": "open chrome browser", "prediction": "open_application", "confidence": 0.1045745721651594, "processing_time_ms": 2514.9238109588623}
{"timestamp": "2025-12-01T19:44:26.422018", "level": "DEBUG", "logger": "assistant.intent_classifier", "message": "Predicted intent: open_application with confidence 0.1046 in 2.515s", "module": "intent_classifier", "function": "predict", "line": 293}
{"timestamp": "2025-12-01T19:44:26.422334", "level": "DEBUG", "logger": "assistant.intent_classifier", "message": "Cache hit for intent prediction: open_application in 0.000s", "module": "intent_classifier", "function": "predict", "line": 268}
{"timestamp": "2025-12-01T19:44:26.422452", "level": "DEBUG", "logger": "assistant.intent_classifier", "message": "Cache hit for intent prediction: open_application in 0.000s", "module": "intent_classifier", "function": "predict", "line": 268}
{"timestamp": "2025-12-01T19:44:26.423625", "level": "INFO", "logger": "assistant.intent_classifier", "message": "ML Event: prediction", "module": "logger", "function": "log_ml_event", "line": 122, "event_type": "prediction", "input_text": "what's the weather like", "prediction": "weather", "confidence": 0.5492002964066516, "processing_time_ms": 1.0309219360351562}
{"timestamp": "2025-12-01T19:44:26.423711", "level": "DEBUG", "logger": "assistant.intent_classifier", "message": "Predicted intent: weather with confidence 0.5492 in 0.001s", "module": "intent_classifier", "function": "predict", "line": 293}
{"timestamp": "2025-12-01T19:44:26.423827", "level": "DEBUG", "logger": "assistant.intent_classifier", "message": "Cache hit for intent prediction: weather in 0.000s", "module": "intent_classifier", "function": "predict", "line": 268}
{"timestamp": "2025-12-01T19:44:26.423930", "level": "DEBUG", "logger": "assistant.intent_classifier", "message": "Cache hit for intent prediction: weather in 0.000s", "module": "intent_classifier", "function": "predict", "line": 268}
{"timestamp": "2025-12-01T19:44:26.424949", "level": "INFO", "logger": "assistant.intent_classifier", "message": "ML Event: prediction", "module": "logger", "function": "log_ml_event", "line": 122, "event_type": "prediction", "input_text": "tell me a joke", "prediction": "jokes", "confidence": 0.420308151412817, "processing_time_ms": 0.9131431579589844}
{"timestamp": "2025-12-01T19:44:26.425023", "level": "DEBUG", "logger": "assistant.intent_classifier", "message": "Predicted intent: jokes with confidence 0.4203 in 0.001s", "module": "intent_classifier", "function": "predict", "line": 293}
{"timestamp": "2025-12-01T19:44:26.425135", "level": "DEBUG", "logger": "assistant.intent_classifier", "message": "Cache hit for intent prediction: jokes in 0.000s", "module": "intent_classifier", "function": "predict", "line": 268}
{"timestamp": "2025-12-01T19:44:26.425237", "level": "DEBUG", "logger": "assistant.intent_classifier", "message": "Cache hit for intent prediction: jokes in 0.000s", "module": "intent_classifier", "function": "predict", "line": 268}
{"timestamp": "2025-12-01T19:44:26.426402", "level": "INFO", "logger": "assistant.intent_classifier", "message": "ML Event: prediction", "module": "logger", "function": "log_ml_event", "line": 122, "event_type": "prediction", "input_text": "search for python tutorials", "prediction": "search", "confidence": 0.16546068403678138, "processing_time_ms": 1.0578632354736328}
{"timestamp": "2025-12-01T19:44:26.426526", "level": "DEBUG", "logger": "assistant.intent_classifier", "message": "Predicted intent: search with confidence 0.1655 in 0.001s", "module": "intent_classifier", "function": "predict", "line": 293}
{"timestamp": "2025-12-01T19:44:26.426659", "level": "DEBUG", "logger": "assistant.intent_classifier", "message": "Cache hit for intent prediction: search in 0.000s", "module": "intent_classifier", "function": "predict", "line": 268}
{"timestamp": "2025-12-01T19:44:26.426760", "level": "DEBUG", "logger": "assistant.intent_classifier", "message": "Cache hit for intent prediction: search in 0.000s", "module": "intent_classifier", "function": "predict", "line": 268}
{"timestamp": "2025-12-01T19:44:26.428065", "level": "INFO", "logger": "assistant.intent_classifier", "message": "ML Event: prediction", "module": "logger", "function": "log_ml_event", "line": 122, "event_type": "prediction", "input_text": "volume up", "prediction": "volume_control", "confidence": 0.3392272739648688, "processing_time_ms": 1.1904239654541016}
{"timestamp": "2025-12-01T19:44:26.428165", "level": "DEBUG", "logger": "assistant.intent_classifier", "message": "Predicted intent: volume_control with confidence 0.3392 in 0.001s", "module": "intent_classifier", "function": "predict", "line": 293}
{"timestamp": "2025-12-01T19:44:26.428360", "level": "DEBUG", "logger": "assistant.intent_classifier", "message": "Cache hit for intent prediction: volume_control in 0.000s", "module": "intent_classifier", "function": "predict", "line": 268}
{"timestamp": "2025-12-01T19:44:26.428515", "level": "DEBUG", "logger": "assistant.intent_classifier", "message": "Cache hit for intent prediction: volume_control in 0.000s", "module": "intent_classifier", "function": "predict", "line": 268}
{"timestamp": "2025-12-01T20:21:55.402262", "level": "INFO", "logger": "assistant.intent_classifier", "message": "Model loaded successfully from c:\\Users\\Admin\\OneDrive\\Desktop\\Coding\\AI\\models\\intent_classifier.pkl, intents: 30", "module": "intent_classifier", "function": "load_model", "line": 348}
{"timestamp": "2025-12-01T20:21:55.402630", "level": "INFO", "logger": "assistant.intent_classifier", "message": "Intent classifier quantized using float16 method", "module": "intent_classifier", "function": "quantize_model", "line": 382}
{"timestamp": "2025-12-01T20:21:55.406080", "level": "INFO", "logger": "assistant.intent_classifier", "message": "Model loaded successfully from c:\\Users\\Admin\\OneDrive\\Desktop\\Coding\\AI\\models\\intent_classifier.pkl, intents: 30", "module": "intent_classifier", "function": "load_model", "line": 348}
{"timestamp": "2025-12-01T20:21:55.406332", "level": "INFO", "logger": "assistant.intent_classifier", "message": "Intent classifier quantized using float16 method", "module": "intent_classifier", "function": "quantize_model", "line": 382}
{"timestamp": "2025-12-01T20:22:17.409202", "level": "INFO", "logger": "assistant.intent_classifier", "message": "ML Event: prediction", "module": "logger", "function": "log_ml_event", "line": 122, "event_type": "prediction", "input_text": "open", "prediction": "web_browsing", "confidence": 0.12816115121814037, "processing_time_ms": 2285.7401371002197}
{"timestamp": "2025-12-01T20:22:17.409358", "level": "DEBUG", "logger": "assistant.intent_classifier", "message": "Predicted intent: web_browsing with confidence 0.1282 in 2.286s", "module": "intent_classifier", "function": "predict", "line": 293}
{"timestamp": "2025-12-01T20:22:32.581937", "level": "INFO", "logger": "assistant.intent_classifier", "message": "ML Event: prediction", "module": "logger", "function": "log_ml_event", "line": 122, "event_type": "prediction", "input_text": "open edge  open edge", "prediction": "web_browsing", "confidence": 0.12816115121814037, "processing_time_ms": 1.344442367553711}
{"timestamp": "2025-12-01T20:22:32.582032", "level": "DEBUG", "logger": "assistant.intent_classifier", "message": "Predicted intent: web_browsing with confidence 0.1282 in 0.001s", "module": "intent_classifier", "function": "predict", "line": 293}
{"timestamp": "2025-12-01T20:22:36.966979", "level": "INFO", "logger": "assistant.intent_classifier", "message": "ML Event: prediction", "module": "logger", "function": "log_ml_event", "line": 122, "event_type": "prediction", "input_text": "yes sir", "prediction": "open_application", "confidence": 0.04222792017740702, "processing_time_ms": 1.7077922821044922}
{"timestamp": "2025-12-01T20:22:36.967104", "level": "DEBUG", "logger": "assistant.intent_classifier", "message": "Predicted intent: open_application with confidence 0.0422 in 0.002s", "module": "intent_classifier", "function": "predict", "line": 293}
{"timestamp": "2025-12-01T20:22:47.885439", "level": "INFO", "logger": "assistant.intent_classifier", "message": "ML Event: prediction", "module": "logger", "function": "log_ml_event", "line": 122, "event_type": "prediction", "input_text": "i'm known.", "prediction": "open_application", "confidence": 0.04222792017740702, "processing_time_ms": 1.264810562133789}
{"timestamp": "2025-12-01T20:22:47.885528", "level": "DEBUG", "logger": "assistant.intent_classifier", "message": "Predicted intent: open_application with confidence 0.0422 in 0.001s", "module": "intent_classifier", "function": "predict", "line": 293}
{"timestamp": "2025-12-01T20:23:00.654222", "level": "INFO", "logger": "assistant.intent_classifier", "message": "ML Event: prediction", "module": "logger", "function": "log_ml_event", "line": 122, "event_type": "prediction", "input_text": "that command didn't word as expected.", "prediction": "open_application", "confidence": 0.06398561338057458, "processing_time_ms": 1.6214847564697266}
{"timestamp": "2025-12-01T20:23:00.654335", "level": "DEBUG", "logger": "assistant.intent_classifier", "message": "Predicted intent: open_application with confidence 0.0640 in 0.002s", "module": "intent_classifier", "function": "predict", "line": 293}
{"timestamp": "2025-12-01T20:23:08.009834", "level": "INFO", "logger": "assistant.intent_classifier", "message": "ML Event: prediction", "module": "logger", "function": "log_ml_event", "line": 122, "event_type": "prediction", "input_text": "you repeat that.", "prediction": "open_application", "confidence": 0.04222792017740702, "processing_time_ms": 1.6069412231445312}
{"timestamp": "2025-12-01T20:23:08.009981", "level": "DEBUG", "logger": "assistant.intent_classifier", "message": "Predicted intent: open_application with confidence 0.0422 in 0.002s", "module": "intent_classifier", "function": "predict", "line": 293}
{"timestamp": "2025-12-01T20:23:14.389476", "level": "INFO", "logger": "assistant.intent_classifier", "message": "ML Event: prediction", "module": "logger", "function": "log_ml_event", "line": 122, "event_type": "prediction", "input_text": "handle this differently.", "prediction": "open_application", "confidence": 0.04222792017740702, "processing_time_ms": 2.361297607421875}
{"timestamp": "2025-12-01T20:23:14.389617", "level": "DEBUG", "logger": "assistant.intent_classifier", "message": "Predicted intent: open_application with confidence 0.0422 in 0.002s", "module": "intent_classifier", "function": "predict", "line": 293}
{"timestamp": "2025-12-01T20:23:20.172750", "level": "INFO", "logger": "assistant.intent_classifier", "message": "ML Event: prediction", "module": "logger", "function": "log_ml_event", "line": 122, "event_type": "prediction", "input_text": "i didn't cat", "prediction": "open_application", "confidence": 0.04222792017740702, "processing_time_ms": 1.77764892578125}
{"timestamp": "2025-12-01T20:23:20.172874", "level": "DEBUG", "logger": "assistant.intent_classifier", "message": "Predicted intent: open_application with confidence 0.0422 in 0.002s", "module": "intent_classifier", "function": "predict", "line": 293}
{"timestamp": "2025-12-01T20:23:28.454204", "level": "INFO", "logger": "assistant.intent_classifier", "message": "ML Event: prediction", "module": "logger", "function": "log_ml_event", "line": 122, "event_type": "prediction", "input_text": "settings me know.", "prediction": "open_application", "confidence": 0.05684308817564456, "processing_time_ms": 2.1293163299560547}
{"timestamp": "2025-12-01T20:23:28.454390", "level": "DEBUG", "logger": "assistant.intent_classifier", "message": "Predicted intent: open_application with confidence 0.0568 in 0.002s", "module": "intent_classifier", "function": "predict", "line": 293}
{"timestamp": "2025-12-01T20:23:34.815562", "level": "DEBUG", "logger": "assistant.intent_classifier", "message": "Cache hit for intent prediction: open_application in 0.000s", "module": "intent_classifier", "function": "predict", "line": 268}
{"timestamp": "2025-12-01T20:24:15.816567", "level": "INFO", "logger": "assistant.intent_classifier", "message": "Model loaded successfully from c:\\Users\\Admin\\OneDrive\\Desktop\\Coding\\AI\\models\\intent_classifier.pkl, intents: 30", "module": "intent_classifier", "function": "load_model", "line": 348}
{"timestamp": "2025-12-01T20:24:15.816925", "level": "INFO", "logger": "assistant.intent_classifier", "message": "Intent classifier quantized using float16 method", "module": "intent_classifier", "function": "quantize_model", "line": 382}
{"timestamp": "2025-12-01T20:24:15.822039", "level": "INFO", "logger": "assistant.intent_classifier", "message": "Model loaded successfully from c:\\Users\\Admin\\OneDrive\\Desktop\\Coding\\AI\\models\\intent_classifier.pkl, intents: 30", "module": "intent_classifier", "function": "load_model", "line": 348}
{"timestamp": "2025-12-01T20:24:15.822308", "level": "INFO", "logger": "assistant.intent_classifier", "message": "Intent classifier quantized using float16 method", "module": "intent_classifier", "function": "quantize_model", "line": 382}
{"timestamp": "2025-12-01T20:24:51.149055", "level": "INFO", "logger": "assistant.intent_classifier", "message": "ML Event: prediction", "module": "logger", "function": "log_ml_event", "line": 122, "event_type": "prediction", "input_text": "i'm listening.", "prediction": "open_application", "confidence": 0.04222792017740702, "processing_time_ms": 2228.532075881958}
{"timestamp": "2025-12-01T20:24:51.149198", "level": "DEBUG", "logger": "assistant.intent_classifier", "message": "Predicted intent: open_application with confidence 0.0422 in 2.229s", "module": "intent_classifier", "function": "predict", "line": 293}
{"timestamp": "2025-12-01T20:24:59.973747", "level": "INFO", "logger": "assistant.intent_classifier", "message": "ML Event: prediction", "module": "logger", "function": "log_ml_event", "line": 122, "event_type": "prediction", "input_text": "didn't word as expected.", "prediction": "unknown", "confidence": 0.07333084443756856, "processing_time_ms": 1.6205310821533203}
{"timestamp": "2025-12-01T20:24:59.973865", "level": "DEBUG", "logger": "assistant.intent_classifier", "message": "Predicted intent: unknown with confidence 0.0733 in 0.002s", "module": "intent_classifier", "function": "predict", "line": 293}
{"timestamp": "2025-12-01T20:25:09.894577", "level": "INFO", "logger": "assistant.intent_classifier", "message": "ML Event: prediction", "module": "logger", "function": "log_ml_event", "line": 122, "event_type": "prediction", "input_text": "that command didn't word as expected.", "prediction": "open_application", "confidence": 0.06398561338057458, "processing_time_ms": 1.6508102416992188}
{"timestamp": "2025-12-01T20:25:09.894690", "level": "DEBUG", "logger": "assistant.intent_classifier", "message": "Predicted intent: open_application with confidence 0.0640 in 0.002s", "module": "intent_classifier", "function": "predict", "line": 293}
{"timestamp": "2025-12-01T20:25:16.992355", "level": "INFO", "logger": "assistant.intent_classifier", "message": "ML Event: prediction", "module": "logger", "function": "log_ml_event", "line": 122, "event_type": "prediction", "input_text": "repeat that.", "prediction": "open_application", "confidence": 0.04222792017740702, "processing_time_ms": 1.5826225280761719}
{"timestamp": "2025-12-01T20:25:16.992469", "level": "DEBUG", "logger": "assistant.intent_classifier", "message": "Predicted intent: open_application with confidence 0.0422 in 0.002s", "module": "intent_classifier", "function": "predict", "line": 293}
{"timestamp": "2025-12-01T20:26:59.611097", "level": "INFO", "logger": "assistant.intent_classifier", "message": "Model loaded successfully from c:\\Users\\Admin\\OneDrive\\Desktop\\Coding\\AI\\models\\intent_classifier.pkl, intents: 30", "module": "intent_classifier", "function": "load_model", "line": 348}
{"timestamp": "2025-12-01T20:26:59.611440", "level": "INFO", "logger": "assistant.intent_classifier", "message": "Intent classifier quantized using float16 method", "module": "intent_classifier", "function": "quantize_model", "line": 382}
{"timestamp": "2025-12-01T20:26:59.614117", "level": "INFO", "logger": "assistant.intent_classifier", "message": "Model loaded successfully from c:\\Users\\Admin\\OneDrive\\Desktop\\Coding\\AI\\models\\intent_classifier.pkl, intents: 30", "module": "intent_classifier", "function": "load_model", "line": 348}
{"timestamp": "2025-12-01T20:26:59.614327", "level": "INFO", "logger": "assistant.intent_classifier", "message": "Intent classifier quantized using float16 method", "module": "intent_classifier", "function": "quantize_model", "line": 382}
{"timestamp": "2025-12-01T20:28:01.384390", "level": "INFO", "logger": "assistant.intent_classifier", "message": "ML Event: prediction", "module": "logger", "function": "log_ml_event", "line": 122, "event_type": "prediction", "input_text": "can you hear me", "prediction": "open_application", "confidence": 0.04222792017740702, "processing_time_ms": 2455.078601837158}
{"timestamp": "2025-12-01T20:28:01.384515", "level": "DEBUG", "logger": "assistant.intent_classifier", "message": "Predicted intent: open_application with confidence 0.0422 in 2.455s", "module": "intent_classifier", "function": "predict", "line": 293}
{"timestamp": "2025-12-01T20:28:12.627275", "level": "INFO", "logger": "assistant.intent_classifier", "message": "ML Event: prediction", "module": "logger", "function": "log_ml_event", "line": 122, "event_type": "prediction", "input_text": "open spotify", "prediction": "web_browsing", "confidence": 0.12480562810884874, "processing_time_ms": 1.2826919555664062}
{"timestamp": "2025-12-01T20:28:12.627362", "level": "DEBUG", "logger": "assistant.intent_classifier", "message": "Predicted intent: web_browsing with confidence 0.1248 in 0.001s", "module": "intent_classifier", "function": "predict", "line": 293}
{"timestamp": "2025-12-01T20:28:19.997408", "level": "INFO", "logger": "assistant.intent_classifier", "message": "ML Event: prediction", "module": "logger", "function": "log_ml_event", "line": 122, "event_type": "prediction", "input_text": "show opening spotify", "prediction": "web_browsing", "confidence": 0.06864859861862181, "processing_time_ms": 1.4166831970214844}
{"timestamp": "2025-12-01T20:28:19.997499", "level": "DEBUG", "logger": "assistant.intent_classifier", "message": "Predicted intent: web_browsing with confidence 0.0686 in 0.001s", "module": "intent_classifier", "function": "predict", "line": 293}
{"timestamp": "2025-12-01T20:28:27.400809", "level": "INFO", "logger": "assistant.intent_classifier", "message": "ML Event: prediction", "module": "logger", "function": "log_ml_event", "line": 122, "event_type": "prediction", "input_text": "word is expected.", "prediction": "unknown", "confidence": 0.07333084443756856, "processing_time_ms": 2.388477325439453}
{"timestamp": "2025-12-01T20:28:27.400976", "level": "DEBUG", "logger": "assistant.intent_classifier", "message": "Predicted intent: unknown with confidence 0.0733 in 0.002s", "module": "intent_classifier", "function": "predict", "line": 293}
{"timestamp": "2025-12-01T20:28:32.872735", "level": "INFO", "logger": "assistant.intent_classifier", "message": "ML Event: prediction", "module": "logger", "function": "log_ml_event", "line": 122, "event_type": "prediction", "input_text": "thanks for settings me know.", "prediction": "open_application", "confidence": 0.05684308817564456, "processing_time_ms": 1.6493797302246094}
{"timestamp": "2025-12-01T20:28:32.872921", "level": "DEBUG", "logger": "assistant.intent_classifier", "message": "Predicted intent: open_application with confidence 0.0568 in 0.002s", "module": "intent_classifier", "function": "predict", "line": 293}
{"timestamp": "2025-12-01T20:29:01.992161", "level": "INFO", "logger": "assistant.intent_classifier", "message": "ML Event: prediction", "module": "logger", "function": "log_ml_event", "line": 122, "event_type": "prediction", "input_text": "that commands didn't word as expected.", "prediction": "open_application", "confidence": 0.06398561338057458, "processing_time_ms": 1.5859603881835938}
{"timestamp": "2025-12-01T20:29:01.992252", "level": "DEBUG", "logger": "assistant.intent_classifier", "message": "Predicted intent: open_application with confidence 0.0640 in 0.002s", "module": "intent_classifier", "function": "predict", "line": 293}
{"timestamp": "2025-12-01T20:29:11.226502", "level": "INFO", "logger": "assistant.intent_classifier", "message": "ML Event: prediction", "module": "logger", "function": "log_ml_event", "line": 122, "event_type": "prediction", "input_text": "didn't word as expected.", "prediction": "unknown", "confidence": 0.07333084443756856, "processing_time_ms": 2.0499229431152344}
{"timestamp": "2025-12-01T20:29:11.226635", "level": "DEBUG", "logger": "assistant.intent_classifier", "message": "Predicted intent: unknown with confidence 0.0733 in 0.002s", "module": "intent_classifier", "function": "predict", "line": 293}
{"timestamp": "2025-12-01T20:29:23.920650", "level": "INFO", "logger": "assistant.intent_classifier", "message": "ML Event: prediction", "module": "logger", "function": "log_ml_event", "line": 122, "event_type": "prediction", "input_text": "how word you like me 2 handle this difference?", "prediction": "unknown", "confidence": 0.07333084443756856, "processing_time_ms": 2.540111541748047}
{"timestamp": "2025-12-01T20:29:23.920820", "level": "DEBUG", "logger": "assistant.intent_classifier", "message": "Predicted intent: unknown with confidence 0.0733 in 0.003s", "module": "intent_classifier", "function": "predict", "line": 293}
{"timestamp": "2025-12-01T20:29:31.403451", "level": "INFO", "logger": "assistant.intent_classifier", "message": "ML Event: prediction", "module": "logger", "function": "log_ml_event", "line": 122, "event_type": "prediction", "input_text": "didn't word he's expected.", "prediction": "unknown", "confidence": 0.07333084443756856, "processing_time_ms": 1.6167163848876953}
{"timestamp": "2025-12-01T20:29:31.403578", "level": "DEBUG", "logger": "assistant.intent_classifier", "message": "Predicted intent: unknown with confidence 0.0733 in 0.002s", "module": "intent_classifier", "function": "predict", "line": 293}
{"timestamp": "2025-12-01T20:29:58.193946", "level": "INFO", "logger": "assistant.intent_classifier", "message": "Model loaded successfully from c:\\Users\\Admin\\OneDrive\\Desktop\\Coding\\AI\\models\\intent_classifier.pkl, intents: 30", "module": "intent_classifier", "function": "load_model", "line": 348}
{"timestamp": "2025-12-01T20:29:58.194265", "level": "INFO", "logger": "assistant.intent_classifier", "message": "Intent classifier quantized using float16 method", "module": "intent_classifier", "function": "quantize_model", "line": 382}
{"timestamp": "2025-12-01T20:29:58.197047", "level": "INFO", "logger": "assistant.intent_classifier", "message": "Model loaded successfully from c:\\Users\\Admin\\OneDrive\\Desktop\\Coding\\AI\\models\\intent_classifier.pkl, intents: 30", "module": "intent_classifier", "function": "load_model", "line": 348}
{"timestamp": "2025-12-01T20:29:58.197276", "level": "INFO", "logger": "assistant.intent_classifier", "message": "Intent classifier quantized using float16 method", "module": "intent_classifier", "function": "quantize_model", "line": 382}
{"timestamp": "2025-12-01T20:30:19.877550", "level": "INFO", "logger": "assistant.intent_classifier", "message": "ML Event: prediction", "module": "logger", "function": "log_ml_event", "line": 122, "event_type": "prediction", "input_text": "open", "prediction": "web_browsing", "confidence": 0.12816115121814037, "processing_time_ms": 2414.4394397735596}
{"timestamp": "2025-12-01T20:30:19.877964", "level": "DEBUG", "logger": "assistant.intent_classifier", "message": "Predicted intent: web_browsing with confidence 0.1282 in 2.414s", "module": "intent_classifier", "function": "predict", "line": 293}
{"timestamp": "2025-12-01T20:30:36.742070", "level": "INFO", "logger": "assistant.intent_classifier", "message": "ML Event: prediction", "module": "logger", "function": "log_ml_event", "line": 122, "event_type": "prediction", "input_text": "thanks for settings me know.", "prediction": "open_application", "confidence": 0.05684308817564456, "processing_time_ms": 1.3949871063232422}
{"timestamp": "2025-12-01T20:30:36.742159", "level": "DEBUG", "logger": "assistant.intent_classifier", "message": "Predicted intent: open_application with confidence 0.0568 in 0.001s", "module": "intent_classifier", "function": "predict", "line": 293}
{"timestamp": "2025-12-01T20:30:44.027802", "level": "INFO", "logger": "assistant.intent_classifier", "message": "ML Event: prediction", "module": "logger", "function": "log_ml_event", "line": 122, "event_type": "prediction", "input_text": "i'm entirely sure about unknown.", "prediction": "open_application", "confidence": 0.04222792017740702, "processing_time_ms": 1.4357566833496094}
{"timestamp": "2025-12-01T20:30:44.027894", "level": "DEBUG", "logger": "assistant.intent_classifier", "message": "Predicted intent: open_application with confidence 0.0422 in 0.001s", "module": "intent_classifier", "function": "predict", "line": 293}
{"timestamp": "2025-12-01T20:30:57.747075", "level": "INFO", "logger": "assistant.intent_classifier", "message": "ML Event: prediction", "module": "logger", "function": "log_ml_event", "line": 122, "event_type": "prediction", "input_text": "word is expected. how word you like me 2 handle this differently?", "prediction": "unknown", "confidence": 0.07333084443756856, "processing_time_ms": 1.8749237060546875}
{"timestamp": "2025-12-01T20:30:57.747211", "level": "DEBUG", "logger": "assistant.intent_classifier", "message": "Predicted intent: unknown with confidence 0.0733 in 0.002s", "module": "intent_classifier", "function": "predict", "line": 293}
{"timestamp": "2025-12-01T20:32:14.892182", "level": "INFO", "logger": "assistant.intent_classifier", "message": "Model loaded successfully from c:\\Users\\Admin\\OneDrive\\Desktop\\Coding\\AI\\models\\intent_classifier.pkl, intents: 30", "module": "intent_classifier", "function": "load_model", "line": 348}
{"timestamp": "2025-12-01T20:32:14.892512", "level": "INFO", "logger": "assistant.intent_classifier", "message": "Intent classifier quantized using float16 method", "module": "intent_classifier", "function": "quantize_model", "line": 382}
{"timestamp": "2025-12-01T20:32:14.895154", "level": "INFO", "logger": "assistant.intent_classifier", "message": "Model loaded successfully from c:\\Users\\Admin\\OneDrive\\Desktop\\Coding\\AI\\models\\intent_classifier.pkl, intents: 30", "module": "intent_classifier", "function": "load_model", "line": 348}
{"timestamp": "2025-12-01T20:32:14.895357", "level": "INFO", "logger": "assistant.intent_classifier", "message": "Intent classifier quantized using float16 method", "module": "intent_classifier", "function": "quantize_model", "line": 382}
{"timestamp": "2025-12-01T20:33:48.834203", "level": "INFO", "logger": "assistant.intent_classifier", "message": "Model loaded successfully from c:\\Users\\Admin\\OneDrive\\Desktop\\Coding\\AI\\models\\intent_classifier.pkl, intents: 30", "module": "intent_classifier", "function": "load_model", "line": 348}
{"timestamp": "2025-12-01T20:33:48.834677", "level": "INFO", "logger": "assistant.intent_classifier", "message": "Intent classifier quantized using float16 method", "module": "intent_classifier", "function": "quantize_model", "line": 382}
{"timestamp": "2025-12-01T20:33:48.838153", "level": "INFO", "logger": "assistant.intent_classifier", "message": "Model loaded successfully from c:\\Users\\Admin\\OneDrive\\Desktop\\Coding\\AI\\models\\intent_classifier.pkl, intents: 30", "module": "intent_classifier", "function": "load_model", "line": 348}
{"timestamp": "2025-12-01T20:33:48.838504", "level": "INFO", "logger": "assistant.intent_classifier", "message": "Intent classifier quantized using float16 method", "module": "intent_classifier", "function": "quantize_model", "line": 382}
{"timestamp": "2025-12-01T20:34:19.580186", "level": "INFO", "logger": "assistant.intent_classifier", "message": "ML Event: prediction", "module": "logger", "function": "log_ml_event", "line": 122, "event_type": "prediction", "input_text": "thank you.", "prediction": "open_application", "confidence": 0.04222792017740702, "processing_time_ms": 2690.4845237731934}
{"timestamp": "2025-12-01T20:34:19.580338", "level": "DEBUG", "logger": "assistant.intent_classifier", "message": "Predicted intent: open_application with confidence 0.0422 in 2.690s", "module": "intent_classifier", "function": "predict", "line": 293}
{"timestamp": "2025-12-01T20:34:25.483967", "level": "INFO", "logger": "assistant.intent_classifier", "message": "ML Event: prediction", "module": "logger", "function": "log_ml_event", "line": 122, "event_type": "prediction", "input_text": "not entirely sure about.", "prediction": "open_application", "confidence": 0.04222792017740702, "processing_time_ms": 1.3394355773925781}
{"timestamp": "2025-12-01T20:34:25.484065", "level": "DEBUG", "logger": "assistant.intent_classifier", "message": "Predicted intent: open_application with confidence 0.0422 in 0.001s", "module": "intent_classifier", "function": "predict", "line": 293}
{"timestamp": "2025-12-01T20:34:33.669433", "level": "INFO", "logger": "assistant.intent_classifier", "message": "ML Event: prediction", "module": "logger", "function": "log_ml_event", "line": 122, "event_type": "prediction", "input_text": "i am not sure what you mean", "prediction": "dictionary", "confidence": 0.09297793518781171, "processing_time_ms": 2.031087875366211}
{"timestamp": "2025-12-01T20:34:33.669597", "level": "DEBUG", "logger": "assistant.intent_classifier", "message": "Predicted intent: dictionary with confidence 0.0930 in 0.002s", "module": "intent_classifier", "function": "predict", "line": 293}
{"timestamp": "2025-12-01T20:34:52.179563", "level": "INFO", "logger": "assistant.intent_classifier", "message": "ML Event: prediction", "module": "logger", "function": "log_ml_event", "line": 122, "event_type": "prediction", "input_text": "think we know.", "prediction": "open_application", "confidence": 0.04222792017740702, "processing_time_ms": 1.8072128295898438}
{"timestamp": "2025-12-01T20:34:52.179702", "level": "DEBUG", "logger": "assistant.intent_classifier", "message": "Predicted intent: open_application with confidence 0.0422 in 0.002s", "module": "intent_classifier", "function": "predict", "line": 293}
{"timestamp": "2025-12-01T20:36:23.237975", "level": "INFO", "logger": "assistant.intent_classifier", "message": "Model loaded successfully from c:\\Users\\Admin\\OneDrive\\Desktop\\Coding\\AI\\models\\intent_classifier.pkl, intents: 30", "module": "intent_classifier", "function": "load_model", "line": 348}
{"timestamp": "2025-12-01T20:36:23.238357", "level": "INFO", "logger": "assistant.intent_classifier", "message": "Intent classifier quantized using float16 method", "module": "intent_classifier", "function": "quantize_model", "line": 382}
{"timestamp": "2025-12-01T20:36:23.241872", "level": "INFO", "logger": "assistant.intent_classifier", "message": "Model loaded successfully from c:\\Users\\Admin\\OneDrive\\Desktop\\Coding\\AI\\models\\intent_classifier.pkl, intents: 30", "module": "intent_classifier", "function": "load_model", "line": 348}
{"timestamp": "2025-12-01T20:36:23.242242", "level": "INFO", "logger": "assistant.intent_classifier", "message": "Intent classifier quantized using float16 method", "module": "intent_classifier", "function": "quantize_model", "line": 382}
{"timestamp": "2025-12-01T20:36:58.357350", "level": "INFO", "logger": "assistant.intent_classifier", "message": "ML Event: prediction", "module": "logger", "function": "log_ml_event", "line": 122, "event_type": "prediction", "input_text": "open get up on chrome", "prediction": "open_application", "confidence": 0.1045745721651594, "processing_time_ms": 2049.161195755005}
{"timestamp": "2025-12-01T20:36:58.357547", "level": "DEBUG", "logger": "assistant.intent_classifier", "message": "Predicted intent: open_application with confidence 0.1046 in 2.049s", "module": "intent_classifier", "function": "predict", "line": 293}
{"timestamp": "2025-12-01T20:37:05.029328", "level": "INFO", "logger": "assistant.intent_classifier", "message": "ML Event: prediction", "module": "logger", "function": "log_ml_event", "line": 122, "event_type": "prediction", "input_text": "been crored?", "prediction": "open_application", "confidence": 0.04222792017740702, "processing_time_ms": 1.306772232055664}
{"timestamp": "2025-12-01T20:37:05.029429", "level": "DEBUG", "logger": "assistant.intent_classifier", "message": "Predicted intent: open_application with confidence 0.0422 in 0.001s", "module": "intent_classifier", "function": "predict", "line": 293}
{"timestamp": "2025-12-01T20:37:14.842819", "level": "INFO", "logger": "assistant.intent_classifier", "message": "ML Event: prediction", "module": "logger", "function": "log_ml_event", "line": 122, "event_type": "prediction", "input_text": "how word you like me 2 handle this different", "prediction": "unknown", "confidence": 0.07333084443756856, "processing_time_ms": 1.3804435729980469}
{"timestamp": "2025-12-01T20:37:14.842912", "level": "DEBUG", "logger": "assistant.intent_classifier", "message": "Predicted intent: unknown with confidence 0.0733 in 0.001s", "module": "intent_classifier", "function": "predict", "line": 293}
{"timestamp": "2025-12-01T20:37:27.664755", "level": "INFO", "logger": "assistant.intent_classifier", "message": "ML Event: prediction", "module": "logger", "function": "log_ml_event", "line": 122, "event_type": "prediction", "input_text": "how word you like me 2 handle this", "prediction": "unknown", "confidence": 0.07333084443756856, "processing_time_ms": 1.4629364013671875}
{"timestamp": "2025-12-01T20:37:27.664843", "level": "DEBUG", "logger": "assistant.intent_classifier", "message": "Predicted intent: unknown with confidence 0.0733 in 0.001s", "module": "intent_classifier", "function": "predict", "line": 293}
{"timestamp": "2025-12-01T20:37:38.974652", "level": "DEBUG", "logger": "assistant.intent_classifier", "message": "Cache hit for intent prediction: unknown in 0.000s", "module": "intent_classifier", "function": "predict", "line": 268}
{"timestamp": "2025-12-01T20:43:39.130267", "level": "INFO", "logger": "assistant.intent_classifier", "message": "Model loaded successfully from c:\\Users\\Admin\\OneDrive\\Desktop\\Coding\\AI\\models\\intent_classifier.pkl, intents: 30", "module": "intent_classifier", "function": "load_model", "line": 348}
{"timestamp": "2025-12-01T20:43:39.130798", "level": "INFO", "logger": "assistant.intent_classifier", "message": "Intent classifier quantized using float16 method", "module": "intent_classifier", "function": "quantize_model", "line": 382}
{"timestamp": "2025-12-01T20:43:39.134745", "level": "INFO", "logger": "assistant.intent_classifier", "message": "Model loaded successfully from c:\\Users\\Admin\\OneDrive\\Desktop\\Coding\\AI\\models\\intent_classifier.pkl, intents: 30", "module": "intent_classifier", "function": "load_model", "line": 348}
{"timestamp": "2025-12-01T20:43:39.135019", "level": "INFO", "logger": "assistant.intent_classifier", "message": "Intent classifier quantized using float16 method", "module": "intent_classifier", "function": "quantize_model", "line": 382}
{"timestamp": "2025-12-01T20:43:41.436744", "level": "INFO", "logger": "assistant.intent_classifier", "message": "ML Event: prediction", "module": "logger", "function": "log_ml_event", "line": 122, "event_type": "prediction", "input_text": "open github in chrome", "prediction": "web_browsing", "confidence": 0.09006334459695838, "processing_time_ms": 2301.5708923339844}
{"timestamp": "2025-12-01T20:43:41.436985", "level": "DEBUG", "logger": "assistant.intent_classifier", "message": "Predicted intent: web_browsing with confidence 0.0901 in 2.302s", "module": "intent_classifier", "function": "predict", "line": 293}
{"timestamp": "2025-12-01T20:44:04.021450", "level": "INFO", "logger": "assistant.intent_classifier", "message": "Model loaded successfully from c:\\Users\\Admin\\OneDrive\\Desktop\\Coding\\AI\\models\\intent_classifier.pkl, intents: 30", "module": "intent_classifier", "function": "load_model", "line": 348}
{"timestamp": "2025-12-01T20:44:04.021910", "level": "INFO", "logger": "assistant.intent_classifier", "message": "Intent classifier quantized using float16 method", "module": "intent_classifier", "function": "quantize_model", "line": 382}
{"timestamp": "2025-12-01T20:44:04.024691", "level": "INFO", "logger": "assistant.intent_classifier", "message": "Model loaded successfully from c:\\Users\\Admin\\OneDrive\\Desktop\\Coding\\AI\\models\\intent_classifier.pkl, intents: 30", "module": "intent_classifier", "function": "load_model", "line": 348}
{"timestamp": "2025-12-01T20:44:04.024899", "level": "INFO", "logger": "assistant.intent_classifier", "message": "Intent classifier quantized using float16 method", "module": "intent_classifier", "function": "quantize_model", "line": 382}
{"timestamp": "2025-12-01T20:44:06.309838", "level": "INFO", "logger": "assistant.intent_classifier", "message": "ML Event: prediction", "module": "logger", "function": "log_ml_event", "line": 122, "event_type": "prediction", "input_text": "open github in chrome", "prediction": "web_browsing", "confidence": 0.09006334459695838, "processing_time_ms": 2284.8119735717773}
{"timestamp": "2025-12-01T20:44:06.309993", "level": "DEBUG", "logger": "assistant.intent_classifier", "message": "Predicted intent: web_browsing with confidence 0.0901 in 2.285s", "module": "intent_classifier", "function": "predict", "line": 293}
{"timestamp": "2025-12-01T20:44:06.334080", "level": "INFO", "logger": "assistant.intent_classifier", "message": "ML Event: prediction", "module": "logger", "function": "log_ml_event", "line": 122, "event_type": "prediction", "input_text": "open google.com in firefox", "prediction": "web_browsing", "confidence": 0.14268656604522237, "processing_time_ms": 1.3508796691894531}
{"timestamp": "2025-12-01T20:44:06.334212", "level": "DEBUG", "logger": "assistant.intent_classifier", "message": "Predicted intent: web_browsing with confidence 0.1427 in 0.001s", "module": "intent_classifier", "function": "predict", "line": 293}
{"timestamp": "2025-12-01T20:44:06.335940", "level": "INFO", "logger": "assistant.intent_classifier", "message": "ML Event: prediction", "module": "logger", "function": "log_ml_event", "line": 122, "event_type": "prediction", "input_text": "open chrome", "prediction": "open_application", "confidence": 0.1045745721651594, "processing_time_ms": 1.3916492462158203}
{"timestamp": "2025-12-01T20:44:06.336059", "level": "DEBUG", "logger": "assistant.intent_classifier", "message": "Predicted intent: open_application with confidence 0.1046 in 0.001s", "module": "intent_classifier", "function": "predict", "line": 293}
{"timestamp": "2025-12-01T20:44:06.337460", "level": "INFO", "logger": "assistant.intent_classifier", "message": "ML Event: prediction", "module": "logger", "function": "log_ml_event", "line": 122, "event_type": "prediction", "input_text": "open notepad", "prediction": "open_application", "confidence": 0.10603595971289362, "processing_time_ms": 1.1262893676757812}
{"timestamp": "2025-12-01T20:44:06.337559", "level": "DEBUG", "logger": "assistant.intent_classifier", "message": "Predicted intent: open_application with confidence 0.1060 in 0.001s", "module": "intent_classifier", "function": "predict", "line": 293}
{"timestamp": "2025-12-01T20:44:06.338777", "level": "INFO", "logger": "assistant.intent_classifier", "message": "ML Event: prediction", "module": "logger", "function": "log_ml_event", "line": 122, "event_type": "prediction", "input_text": "go to github.com", "prediction": "web_browsing", "confidence": 0.10504969074239938, "processing_time_ms": 0.9875297546386719}
{"timestamp": "2025-12-01T20:44:06.338916", "level": "DEBUG", "logger": "assistant.intent_classifier", "message": "Predicted intent: web_browsing with confidence 0.1050 in 0.001s", "module": "intent_classifier", "function": "predict", "line": 293}
{"timestamp": "2025-12-01T20:47:23.619399", "level": "INFO", "logger": "assistant.intent_classifier", "message": "Model loaded successfully from c:\\Users\\Admin\\OneDrive\\Desktop\\Coding\\AI\\models\\intent_classifier.pkl, intents: 30", "module": "intent_classifier", "function": "load_model", "line": 348}
{"timestamp": "2025-12-01T20:47:23.619917", "level": "INFO", "logger": "assistant.intent_classifier", "message": "Intent classifier quantized using float16 method", "module": "intent_classifier", "function": "quantize_model", "line": 382}
{"timestamp": "2025-12-01T20:47:23.623484", "level": "INFO", "logger": "assistant.intent_classifier", "message": "Model loaded successfully from c:\\Users\\Admin\\OneDrive\\Desktop\\Coding\\AI\\models\\intent_classifier.pkl, intents: 30", "module": "intent_classifier", "function": "load_model", "line": 348}
{"timestamp": "2025-12-01T20:47:23.623806", "level": "INFO", "logger": "assistant.intent_classifier", "message": "Intent classifier quantized using float16 method", "module": "intent_classifier", "function": "quantize_model", "line": 382}
{"timestamp": "2025-12-01T20:47:25.997576", "level": "INFO", "logger": "assistant.intent_classifier", "message": "ML Event: prediction", "module": "logger", "function": "log_ml_event", "line": 122, "event_type": "prediction", "input_text": "open chrome", "prediction": "open_application", "confidence": 0.1045745721651594, "processing_time_ms": 2373.4118938446045}
{"timestamp": "2025-12-01T20:47:25.997758", "level": "DEBUG", "logger": "assistant.intent_classifier", "message": "Predicted intent: open_application with confidence 0.1046 in 2.373s", "module": "intent_classifier", "function": "predict", "line": 293}
{"timestamp": "2025-12-01T20:47:48.430737", "level": "INFO", "logger": "assistant.intent_classifier", "message": "Model loaded successfully from c:\\Users\\Admin\\OneDrive\\Desktop\\Coding\\AI\\models\\intent_classifier.pkl, intents: 30", "module": "intent_classifier", "function": "load_model", "line": 348}
{"timestamp": "2025-12-01T20:47:48.431177", "level": "INFO", "logger": "assistant.intent_classifier", "message": "Intent classifier quantized using float16 method", "module": "intent_classifier", "function": "quantize_model", "line": 382}
{"timestamp": "2025-12-01T20:47:48.434033", "level": "INFO", "logger": "assistant.intent_classifier", "message": "Model loaded successfully from c:\\Users\\Admin\\OneDrive\\Desktop\\Coding\\AI\\models\\intent_classifier.pkl, intents: 30", "module": "intent_classifier", "function": "load_model", "line": 348}
{"timestamp": "2025-12-01T20:47:48.434309", "level": "INFO", "logger": "assistant.intent_classifier", "message": "Intent classifier quantized using float16 method", "module": "intent_classifier", "function": "quantize_model", "line": 382}
{"timestamp": "2025-12-01T20:47:50.713783", "level": "INFO", "logger": "assistant.intent_classifier", "message": "ML Event: prediction", "module": "logger", "function": "log_ml_event", "line": 122, "event_type": "prediction", "input_text": "open chrome", "prediction": "open_application", "confidence": 0.1045745721651594, "processing_time_ms": 2279.2556285858154}
{"timestamp": "2025-12-01T20:47:50.713930", "level": "DEBUG", "logger": "assistant.intent_classifier", "message": "Predicted intent: open_application with confidence 0.1046 in 2.279s", "module": "intent_classifier", "function": "predict", "line": 293}
{"timestamp": "2025-12-01T20:47:50.740802", "level": "INFO", "logger": "assistant.intent_classifier", "message": "ML Event: prediction", "module": "logger", "function": "log_ml_event", "line": 122, "event_type": "prediction", "input_text": "open notepad", "prediction": "open_application", "confidence": 0.10603595971289362, "processing_time_ms": 2.0875930786132812}
{"timestamp": "2025-12-01T20:47:50.741014", "level": "DEBUG", "logger": "assistant.intent_classifier", "message": "Predicted intent: open_application with confidence 0.1060 in 0.002s", "module": "intent_classifier", "function": "predict", "line": 293}
{"timestamp": "2025-12-01T20:47:50.742757", "level": "INFO", "logger": "assistant.intent_classifier", "message": "ML Event: prediction", "module": "logger", "function": "log_ml_event", "line": 122, "event_type": "prediction", "input_text": "open github", "prediction": "web_browsing", "confidence": 0.11339217565734859, "processing_time_ms": 1.4846324920654297}
{"timestamp": "2025-12-01T20:47:50.742832", "level": "DEBUG", "logger": "assistant.intent_classifier", "message": "Predicted intent: web_browsing with confidence 0.1134 in 0.001s", "module": "intent_classifier", "function": "predict", "line": 293}
{"timestamp": "2025-12-01T20:47:50.743903", "level": "INFO", "logger": "assistant.intent_classifier", "message": "ML Event: prediction", "module": "logger", "function": "log_ml_event", "line": 122, "event_type": "prediction", "input_text": "open github.com", "prediction": "web_browsing", "confidence": 0.15389601113298984, "processing_time_ms": 0.8802413940429688}
{"timestamp": "2025-12-01T20:47:50.743979", "level": "DEBUG", "logger": "assistant.intent_classifier", "message": "Predicted intent: web_browsing with confidence 0.1539 in 0.001s", "module": "intent_classifier", "function": "predict", "line": 293}
{"timestamp": "2025-12-01T20:47:50.745093", "level": "INFO", "logger": "assistant.intent_classifier", "message": "ML Event: prediction", "module": "logger", "function": "log_ml_event", "line": 122, "event_type": "prediction", "input_text": "open stack overflow", "prediction": "web_browsing", "confidence": 0.12816115121814037, "processing_time_ms": 0.9222030639648438}
{"timestamp": "2025-12-01T20:47:50.745165", "level": "DEBUG", "logger": "assistant.intent_classifier", "message": "Predicted intent: web_browsing with confidence 0.1282 in 0.001s", "module": "intent_classifier", "function": "predict", "line": 293}
{"timestamp": "2025-12-01T20:47:50.746684", "level": "INFO", "logger": "assistant.intent_classifier", "message": "ML Event: prediction", "module": "logger", "function": "log_ml_event", "line": 122, "event_type": "prediction", "input_text": "open facebook", "prediction": "web_browsing", "confidence": 0.08406078605504716, "processing_time_ms": 1.2969970703125}
{"timestamp": "2025-12-01T20:47:50.746876", "level": "DEBUG", "logger": "assistant.intent_classifier", "message": "Predicted intent: web_browsing with confidence 0.0841 in 0.001s", "module": "intent_classifier", "function": "predict", "line": 293}
{"timestamp": "2025-12-01T20:47:50.748455", "level": "INFO", "logger": "assistant.intent_classifier", "message": "ML Event: prediction", "module": "logger", "function": "log_ml_event", "line": 122, "event_type": "prediction", "input_text": "open www.google.com", "prediction": "web_browsing", "confidence": 0.17232328773252348, "processing_time_ms": 1.36566162109375}
{"timestamp": "2025-12-01T20:47:50.748532", "level": "DEBUG", "logger": "assistant.intent_classifier", "message": "Predicted intent: web_browsing with confidence 0.1723 in 0.001s", "module": "intent_classifier", "function": "predict", "line": 293}
{"timestamp": "2025-12-01T20:47:50.749641", "level": "INFO", "logger": "assistant.intent_classifier", "message": "ML Event: prediction", "module": "logger", "function": "log_ml_event", "line": 122, "event_type": "prediction", "input_text": "open mycustomapp", "prediction": "web_browsing", "confidence": 0.12816115121814037, "processing_time_ms": 0.8809566497802734}
{"timestamp": "2025-12-01T20:47:50.749712", "level": "DEBUG", "logger": "assistant.intent_classifier", "message": "Predicted intent: web_browsing with confidence 0.1282 in 0.001s", "module": "intent_classifier", "function": "predict", "line": 293}
{"timestamp": "2025-12-01T20:47:50.750967", "level": "INFO", "logger": "assistant.intent_classifier", "message": "ML Event: prediction", "module": "logger", "function": "log_ml_event", "line": 122, "event_type": "prediction", "input_text": "open nonexistent", "prediction": "web_browsing", "confidence": 0.12816115121814037, "processing_time_ms": 1.0559558868408203}
{"timestamp": "2025-12-01T20:47:50.751117", "level": "DEBUG", "logger": "assistant.intent_classifier", "message": "Predicted intent: web_browsing with confidence 0.1282 in 0.001s", "module": "intent_classifier", "function": "predict", "line": 293}
{"timestamp": "2025-12-01T20:48:19.716285", "level": "INFO", "logger": "assistant.intent_classifier", "message": "Model loaded successfully from c:\\Users\\Admin\\OneDrive\\Desktop\\Coding\\AI\\models\\intent_classifier.pkl, intents: 30", "module": "intent_classifier", "function": "load_model", "line": 348}
{"timestamp": "2025-12-01T20:48:19.716655", "level": "INFO", "logger": "assistant.intent_classifier", "message": "Intent classifier quantized using float16 method", "module": "intent_classifier", "function": "quantize_model", "line": 382}
{"timestamp": "2025-12-01T20:48:19.720620", "level": "INFO", "logger": "assistant.intent_classifier", "message": "Model loaded successfully from c:\\Users\\Admin\\OneDrive\\Desktop\\Coding\\AI\\models\\intent_classifier.pkl, intents: 30", "module": "intent_classifier", "function": "load_model", "line": 348}
{"timestamp": "2025-12-01T20:48:19.720975", "level": "INFO", "logger": "assistant.intent_classifier", "message": "Intent classifier quantized using float16 method", "module": "intent_classifier", "function": "quantize_model", "line": 382}
{"timestamp": "2025-12-01T20:48:22.100522", "level": "INFO", "logger": "assistant.intent_classifier", "message": "ML Event: prediction", "module": "logger", "function": "log_ml_event", "line": 122, "event_type": "prediction", "input_text": "open chrome", "prediction": "open_application", "confidence": 0.1045745721651594, "processing_time_ms": 2379.3587684631348}
{"timestamp": "2025-12-01T20:48:22.100732", "level": "DEBUG", "logger": "assistant.intent_classifier", "message": "Predicted intent: open_application with confidence 0.1046 in 2.379s", "module": "intent_classifier", "function": "predict", "line": 293}
{"timestamp": "2025-12-01T20:48:22.127833", "level": "INFO", "logger": "assistant.intent_classifier", "message": "ML Event: prediction", "module": "logger", "function": "log_ml_event", "line": 122, "event_type": "prediction", "input_text": "open notepad", "prediction": "open_application", "confidence": 0.10603595971289362, "processing_time_ms": 1.6078948974609375}
{"timestamp": "2025-12-01T20:48:22.128015", "level": "DEBUG", "logger": "assistant.intent_classifier", "message": "Predicted intent: open_application with confidence 0.1060 in 0.002s", "module": "intent_classifier", "function": "predict", "line": 293}
{"timestamp": "2025-12-01T20:48:22.130531", "level": "INFO", "logger": "assistant.intent_classifier", "message": "ML Event: prediction", "module": "logger", "function": "log_ml_event", "line": 122, "event_type": "prediction", "input_text": "open github", "prediction": "web_browsing", "confidence": 0.11339217565734859, "processing_time_ms": 1.9764900207519531}
{"timestamp": "2025-12-01T20:48:22.130620", "level": "DEBUG", "logger": "assistant.intent_classifier", "message": "Predicted intent: web_browsing with confidence 0.1134 in 0.002s", "module": "intent_classifier", "function": "predict", "line": 293}
{"timestamp": "2025-12-01T20:48:22.131782", "level": "INFO", "logger": "assistant.intent_classifier", "message": "ML Event: prediction", "module": "logger", "function": "log_ml_event", "line": 122, "event_type": "prediction", "input_text": "open github.com", "prediction": "web_browsing", "confidence": 0.15389601113298984, "processing_time_ms": 0.9565353393554688}
{"timestamp": "2025-12-01T20:48:22.131857", "level": "DEBUG", "logger": "assistant.intent_classifier", "message": "Predicted intent: web_browsing with confidence 0.1539 in 0.001s", "module": "intent_classifier", "function": "predict", "line": 293}
{"timestamp": "2025-12-01T20:48:22.133049", "level": "INFO", "logger": "assistant.intent_classifier", "message": "ML Event: prediction", "module": "logger", "function": "log_ml_event", "line": 122, "event_type": "prediction", "input_text": "open stack overflow", "prediction": "web_browsing", "confidence": 0.12816115121814037, "processing_time_ms": 0.9222030639648438}
{"timestamp": "2025-12-01T20:48:22.133134", "level": "DEBUG", "logger": "assistant.intent_classifier", "message": "Predicted intent: web_browsing with confidence 0.1282 in 0.001s", "module": "intent_classifier", "function": "predict", "line": 293}
{"timestamp": "2025-12-01T20:48:22.134598", "level": "INFO", "logger": "assistant.intent_classifier", "message": "ML Event: prediction", "module": "logger", "function": "log_ml_event", "line": 122, "event_type": "prediction", "input_text": "open facebook", "prediction": "web_browsing", "confidence": 0.08406078605504716, "processing_time_ms": 1.232147216796875}
{"timestamp": "2025-12-01T20:48:22.134703", "level": "DEBUG", "logger": "assistant.intent_classifier", "message": "Predicted intent: web_browsing with confidence 0.0841 in 0.001s", "module": "intent_classifier", "function": "predict", "line": 293}
{"timestamp": "2025-12-01T20:48:22.136516", "level": "INFO", "logger": "assistant.intent_classifier", "message": "ML Event: prediction", "module": "logger", "function": "log_ml_event", "line": 122, "event_type": "prediction", "input_text": "open www.google.com", "prediction": "web_browsing", "confidence": 0.17232328773252348, "processing_time_ms": 1.300811767578125}
{"timestamp": "2025-12-01T20:48:22.136676", "level": "DEBUG", "logger": "assistant.intent_classifier", "message": "Predicted intent: web_browsing with confidence 0.1723 in 0.001s", "module": "intent_classifier", "function": "predict", "line": 293}
{"timestamp": "2025-12-01T20:48:22.138115", "level": "INFO", "logger": "assistant.intent_classifier", "message": "ML Event: prediction", "module": "logger", "function": "log_ml_event", "line": 122, "event_type": "prediction", "input_text": "open mycustomapp", "prediction": "web_browsing", "confidence": 0.12816115121814037, "processing_time_ms": 1.1255741119384766}
{"timestamp": "2025-12-01T20:48:22.138192", "level": "DEBUG", "logger": "assistant.intent_classifier", "message": "Predicted intent: web_browsing with confidence 0.1282 in 0.001s", "module": "intent_classifier", "function": "predict", "line": 293}
{"timestamp": "2025-12-01T20:48:22.139323", "level": "INFO", "logger": "assistant.intent_classifier", "message": "ML Event: prediction", "module": "logger", "function": "log_ml_event", "line": 122, "event_type": "prediction", "input_text": "open nonexistent", "prediction": "web_browsing", "confidence": 0.12816115121814037, "processing_time_ms": 0.8990764617919922}
{"timestamp": "2025-12-01T20:48:22.139395", "level": "DEBUG", "logger": "assistant.intent_classifier", "message": "Predicted intent: web_browsing with confidence 0.1282 in 0.001s", "module": "intent_classifier", "function": "predict", "line": 293}
{"timestamp": "2025-12-01T20:53:50.551560", "level": "INFO", "logger": "assistant.intent_classifier", "message": "Model loaded successfully from c:\\Users\\Admin\\OneDrive\\Desktop\\Coding\\AI\\models\\intent_classifier.pkl, intents: 30", "module": "intent_classifier", "function": "load_model", "line": 348}
{"timestamp": "2025-12-01T20:53:50.551916", "level": "INFO", "logger": "assistant.intent_classifier", "message": "Intent classifier quantized using float16 method", "module": "intent_classifier", "function": "quantize_model", "line": 382}
{"timestamp": "2025-12-01T20:53:50.555221", "level": "INFO", "logger": "assistant.intent_classifier", "message": "Model loaded successfully from c:\\Users\\Admin\\OneDrive\\Desktop\\Coding\\AI\\models\\intent_classifier.pkl, intents: 30", "module": "intent_classifier", "function": "load_model", "line": 348}
{"timestamp": "2025-12-01T20:53:50.555446", "level": "INFO", "logger": "assistant.intent_classifier", "message": "Intent classifier quantized using float16 method", "module": "intent_classifier", "function": "quantize_model", "line": 382}
{"timestamp": "2025-12-01T20:54:08.795774", "level": "INFO", "logger": "assistant.intent_classifier", "message": "ML Event: prediction", "module": "logger", "function": "log_ml_event", "line": 122, "event_type": "prediction", "input_text": "open github on chrome", "prediction": "web_browsing", "confidence": 0.09006334459695838, "processing_time_ms": 2043.8344478607178}
{"timestamp": "2025-12-01T20:54:08.795928", "level": "DEBUG", "logger": "assistant.intent_classifier", "message": "Predicted intent: web_browsing with confidence 0.0901 in 2.044s", "module": "intent_classifier", "function": "predict", "line": 293}
{"timestamp": "2025-12-01T20:54:13.418564", "level": "INFO", "logger": "assistant.intent_classifier", "message": "ML Event: prediction", "module": "logger", "function": "log_ml_event", "line": 122, "event_type": "prediction", "input_text": "been chrome for you", "prediction": "system_control", "confidence": 0.06371949299485252, "processing_time_ms": 1.4121532440185547}
{"timestamp": "2025-12-01T20:54:13.418676", "level": "DEBUG", "logger": "assistant.intent_classifier", "message": "Predicted intent: system_control with confidence 0.0637 in 0.001s", "module": "intent_classifier", "function": "predict", "line": 293}
