{"timestamp": "2025-12-03T16:20:13.138766", "level": "INFO", "logger": "assistant.tts", "message": "TTS playback started for text: 'JARVIS systems initializing'", "module": "tts", "function": "_speak_text", "line": 83}
{"timestamp": "2025-12-03T16:20:16.148099", "level": "INFO", "logger": "assistant.tts", "message": "TTS playback completed for text: 'JARVIS systems initializing'", "module": "tts", "function": "_speak_text", "line": 90}
{"timestamp": "2025-12-03T16:20:38.022909", "level": "INFO", "logger": "assistant.tts", "message": "TTS playback started for text: 'How may I assist you?'", "module": "tts", "function": "_speak_text", "line": 83}
{"timestamp": "2025-12-03T16:20:40.053644", "level": "INFO", "logger": "assistant.tts", "message": "TTS playback completed for text: 'How may I assist you?'", "module": "tts", "function": "_speak_text", "line": 90}
{"timestamp": "2025-12-03T16:20:42.403834", "level": "INFO", "logger": "assistant.tts", "message": "TTS playback started for text: 'Chrome is now open'", "module": "tts", "function": "_speak_text", "line": 83}
{"timestamp": "2025-12-03T16:20:44.603908", "level": "INFO", "logger": "assistant.tts", "message": "TTS playback completed for text: 'Chrome is now open'", "module": "tts", "function": "_speak_text", "line": 90}
{"timestamp": "2025-12-03T16:20:48.528869", "level": "INFO", "logger": "assistant.tts", "message": "TTS playback started for text: 'Sorry, I didn't understand that command'", "module": "tts", "function": "_speak_text", "line": 83}
{"timestamp": "2025-12-03T16:20:52.041070", "level": "INFO", "logger": "assistant.tts", "message": "TTS playback completed for text: 'Sorry, I didn't understand that command'", "module": "tts", "function": "_speak_text", "line": 90}
{"timestamp": "2025-12-03T16:20:54.640664", "level": "INFO", "logger": "assistant.tts", "message": "TTS playback started for text: 'That command didn't work as expected. How would you like me to handle this differently?'", "module": "tts", "function": "_speak_text", "line": 83}
{"timestamp": "2025-12-03T16:21:00.557996", "level": "INFO", "logger": "assistant.tts", "message": "TTS playback completed for text: 'That command didn't work as expected. How would you like me to handle this differently?'", "module": "tts", "function": "_speak_text", "line": 90}
{"timestamp": "2025-12-03T16:21:00.941602", "level": "INFO", "logger": "assistant.tts", "message": "TTS playback started for text: 'Thanks for letting me know!'", "module": "tts", "function": "_speak_text", "line": 83}
{"timestamp": "2025-12-03T16:21:02.947241", "level": "INFO", "logger": "assistant.tts", "message": "TTS playback completed for text: 'Thanks for letting me know!'", "module": "tts", "function": "_speak_text", "line": 90}
{"timestamp": "2025-12-03T16:21:12.718536", "level": "INFO", "logger": "assistant.tts", "message": "TTS playback started for text: 'I don't know how to open file explorer'", "module": "tts", "function": "_speak_text", "line": 83}
{"timestamp": "2025-12-03T16:21:15.927949", "level": "INFO", "logger": "assistant.tts", "message": "TTS playback completed for text: 'I don't know how to open file explorer'", "module": "tts", "function": "_speak_text", "line": 90}
{"timestamp": "2025-12-03T16:21:16.579999", "level": "INFO", "logger": "assistant.tts", "message": "TTS playback started for text: 'That command didn't work as expected. How would you like me to handle this differently?'", "module": "tts", "function": "_speak_text", "line": 83}
{"timestamp": "2025-12-03T16:21:22.498706", "level": "INFO", "logger": "assistant.tts", "message": "TTS playback completed for text: 'That command didn't work as expected. How would you like me to handle this differently?'", "module": "tts", "function": "_speak_text", "line": 90}
{"timestamp": "2025-12-03T16:21:22.752061", "level": "INFO", "logger": "assistant.tts", "message": "TTS playback started for text: 'Thanks for letting me know!'", "module": "tts", "function": "_speak_text", "line": 83}
{"timestamp": "2025-12-03T16:21:24.759537", "level": "INFO", "logger": "assistant.tts", "message": "TTS playback completed for text: 'Thanks for letting me know!'", "module": "tts", "function": "_speak_text", "line": 90}
{"timestamp": "2025-12-03T16:21:34.987440", "level": "INFO", "logger": "assistant.tts", "message": "TTS playback started for text: 'Going to github desktop'", "module": "tts", "function": "_speak_text", "line": 83}
{"timestamp": "2025-12-03T16:21:37.302063", "level": "INFO", "logger": "assistant.tts", "message": "TTS playback completed for text: 'Going to github desktop'", "module": "tts", "function": "_speak_text", "line": 90}
{"timestamp": "2025-12-03T16:21:42.748362", "level": "INFO", "logger": "assistant.tts", "message": "TTS playback started for text: 'Could you repeat that?'", "module": "tts", "function": "_speak_text", "line": 83}
{"timestamp": "2025-12-03T16:21:44.455005", "level": "INFO", "logger": "assistant.tts", "message": "TTS playback completed for text: 'Could you repeat that?'", "module": "tts", "function": "_speak_text", "line": 90}
{"timestamp": "2025-12-03T16:21:46.783401", "level": "INFO", "logger": "assistant.tts", "message": "TTS playback started for text: 'That command didn't work as expected. How would you like me to handle this differently?'", "module": "tts", "function": "_speak_text", "line": 83}
{"timestamp": "2025-12-03T16:21:52.700967", "level": "INFO", "logger": "assistant.tts", "message": "TTS playback completed for text: 'That command didn't work as expected. How would you like me to handle this differently?'", "module": "tts", "function": "_speak_text", "line": 90}
{"timestamp": "2025-12-03T16:21:53.382190", "level": "INFO", "logger": "assistant.tts", "message": "TTS playback started for text: 'Thanks for letting me know!'", "module": "tts", "function": "_speak_text", "line": 83}
{"timestamp": "2025-12-03T16:21:55.389903", "level": "INFO", "logger": "assistant.tts", "message": "TTS playback completed for text: 'Thanks for letting me know!'", "module": "tts", "function": "_speak_text", "line": 90}
{"timestamp": "2025-12-03T16:22:09.913414", "level": "INFO", "logger": "assistant.tts", "message": "TTS playback started for text: 'Here's what I found about github: GitHub is a proprietary developer platform that allows developers to create, store, manage, and share their code. It uses Git to provide distributed version control and GitHub itself provides access control, bug tracking, software feature requests, task management, continuous integration, and wikis for every project. GitHub has been a subsidiary of Microsoft since 2018 and its headquarters are located in San Francisco. It is commonly used to host open source software development projects. As of January 2023, GitHub reported having over 100 million developers and more than 420 million repositories, including at least 28 million public repositories. It is the world's largest source code host as of June 2023. Over five billion developer contributions were made to more than 500 million open source projects in 2024.'", "module": "tts", "function": "_speak_text", "line": 83}
{"timestamp": "2025-12-03T16:23:22.940084", "level": "INFO", "logger": "assistant.tts", "message": "TTS playback completed for text: 'Here's what I found about github: GitHub is a proprietary developer platform that allows developers to create, store, manage, and share their code. It uses Git to provide distributed version control and GitHub itself provides access control, bug tracking, software feature requests, task management, continuous integration, and wikis for every project. GitHub has been a subsidiary of Microsoft since 2018 and its headquarters are located in San Francisco. It is commonly used to host open source software development projects. As of January 2023, GitHub reported having over 100 million developers and more than 420 million repositories, including at least 28 million public repositories. It is the world's largest source code host as of June 2023. Over five billion developer contributions were made to more than 500 million open source projects in 2024.'", "module": "tts", "function": "_speak_text", "line": 90}
{"timestamp": "2025-12-03T16:23:23.808472", "level": "INFO", "logger": "assistant.tts", "message": "TTS playback started for text: 'Sorry, I didn't understand that command'", "module": "tts", "function": "_speak_text", "line": 83}
{"timestamp": "2025-12-03T16:23:27.319645", "level": "INFO", "logger": "assistant.tts", "message": "TTS playback completed for text: 'Sorry, I didn't understand that command'", "module": "tts", "function": "_speak_text", "line": 90}
{"timestamp": "2025-12-03T16:23:29.657410", "level": "INFO", "logger": "assistant.tts", "message": "TTS playback started for text: 'That command didn't work as expected. How would you like me to handle this differently?'", "module": "tts", "function": "_speak_text", "line": 83}
{"timestamp": "2025-12-03T16:23:35.575183", "level": "INFO", "logger": "assistant.tts", "message": "TTS playback completed for text: 'That command didn't work as expected. How would you like me to handle this differently?'", "module": "tts", "function": "_speak_text", "line": 90}
{"timestamp": "2025-12-03T16:23:35.813283", "level": "INFO", "logger": "assistant.tts", "message": "TTS playback started for text: 'Thanks for letting me know!'", "module": "tts", "function": "_speak_text", "line": 83}
{"timestamp": "2025-12-03T16:23:37.820890", "level": "INFO", "logger": "assistant.tts", "message": "TTS playback completed for text: 'Thanks for letting me know!'", "module": "tts", "function": "_speak_text", "line": 90}
{"timestamp": "2025-12-03T16:23:48.403274", "level": "INFO", "logger": "assistant.tts", "message": "TTS playback started for text: 'Here's what I found about sis graduate school of technology: I found information about sis graduate school of technology, but couldn't get a concise summary. You might want to search manually.'", "module": "tts", "function": "_speak_text", "line": 83}
{"timestamp": "2025-12-03T16:24:01.943705", "level": "INFO", "logger": "assistant.tts", "message": "TTS playback completed for text: 'Here's what I found about sis graduate school of technology: I found information about sis graduate school of technology, but couldn't get a concise summary. You might want to search manually.'", "module": "tts", "function": "_speak_text", "line": 90}
{"timestamp": "2025-12-03T16:24:02.332515", "level": "INFO", "logger": "assistant.tts", "message": "TTS playback started for text: 'I didn't catch that'", "module": "tts", "function": "_speak_text", "line": 83}
{"timestamp": "2025-12-03T16:24:04.038275", "level": "INFO", "logger": "assistant.tts", "message": "TTS playback completed for text: 'I didn't catch that'", "module": "tts", "function": "_speak_text", "line": 90}
{"timestamp": "2025-12-03T16:24:06.378573", "level": "INFO", "logger": "assistant.tts", "message": "TTS playback started for text: 'That command didn't work as expected. How would you like me to handle this differently?'", "module": "tts", "function": "_speak_text", "line": 83}
{"timestamp": "2025-12-03T16:24:12.296736", "level": "INFO", "logger": "assistant.tts", "message": "TTS playback completed for text: 'That command didn't work as expected. How would you like me to handle this differently?'", "module": "tts", "function": "_speak_text", "line": 90}
{"timestamp": "2025-12-03T16:24:12.548103", "level": "INFO", "logger": "assistant.tts", "message": "TTS playback started for text: 'Thanks for letting me know!'", "module": "tts", "function": "_speak_text", "line": 83}
{"timestamp": "2025-12-03T16:24:14.553511", "level": "INFO", "logger": "assistant.tts", "message": "TTS playback completed for text: 'Thanks for letting me know!'", "module": "tts", "function": "_speak_text", "line": 90}
{"timestamp": "2025-12-03T16:24:21.176239", "level": "INFO", "logger": "assistant.tts", "message": "TTS playback started for text: 'Sorry, I didn't understand that command'", "module": "tts", "function": "_speak_text", "line": 83}
{"timestamp": "2025-12-03T16:24:24.685422", "level": "INFO", "logger": "assistant.tts", "message": "TTS playback completed for text: 'Sorry, I didn't understand that command'", "module": "tts", "function": "_speak_text", "line": 90}
{"timestamp": "2025-12-03T16:24:27.308376", "level": "INFO", "logger": "assistant.tts", "message": "TTS playback started for text: 'That command didn't work as expected. How would you like me to handle this differently?'", "module": "tts", "function": "_speak_text", "line": 83}
{"timestamp": "2025-12-03T16:24:33.227721", "level": "INFO", "logger": "assistant.tts", "message": "TTS playback completed for text: 'That command didn't work as expected. How would you like me to handle this differently?'", "module": "tts", "function": "_speak_text", "line": 90}
{"timestamp": "2025-12-03T16:24:33.477381", "level": "INFO", "logger": "assistant.tts", "message": "TTS playback started for text: 'Thanks for letting me know!'", "module": "tts", "function": "_speak_text", "line": 83}
{"timestamp": "2025-12-03T16:24:35.482582", "level": "INFO", "logger": "assistant.tts", "message": "TTS playback completed for text: 'Thanks for letting me know!'", "module": "tts", "function": "_speak_text", "line": 90}
{"timestamp": "2025-12-03T16:24:40.759766", "level": "INFO", "logger": "assistant.tts", "message": "TTS playback started for text: 'Sorry, I didn't understand that command'", "module": "tts", "function": "_speak_text", "line": 83}
{"timestamp": "2025-12-03T16:24:44.270490", "level": "INFO", "logger": "assistant.tts", "message": "TTS playback completed for text: 'Sorry, I didn't understand that command'", "module": "tts", "function": "_speak_text", "line": 90}
{"timestamp": "2025-12-03T16:24:46.879675", "level": "INFO", "logger": "assistant.tts", "message": "TTS playback started for text: 'That command didn't work as expected. How would you like me to handle this differently?'", "module": "tts", "function": "_speak_text", "line": 83}
{"timestamp": "2025-12-03T16:24:52.798553", "level": "INFO", "logger": "assistant.tts", "message": "TTS playback completed for text: 'That command didn't work as expected. How would you like me to handle this differently?'", "module": "tts", "function": "_speak_text", "line": 90}
{"timestamp": "2025-12-03T16:24:53.182119", "level": "INFO", "logger": "assistant.tts", "message": "TTS playback started for text: 'Thanks for letting me know!'", "module": "tts", "function": "_speak_text", "line": 83}
{"timestamp": "2025-12-03T16:24:55.188599", "level": "INFO", "logger": "assistant.tts", "message": "TTS playback completed for text: 'Thanks for letting me know!'", "module": "tts", "function": "_speak_text", "line": 90}
{"timestamp": "2025-12-03T16:25:03.499396", "level": "INFO", "logger": "assistant.tts", "message": "TTS playback started for text: 'I didn't catch that'", "module": "tts", "function": "_speak_text", "line": 83}
{"timestamp": "2025-12-03T16:25:05.304698", "level": "INFO", "logger": "assistant.tts", "message": "TTS playback completed for text: 'I didn't catch that'", "module": "tts", "function": "_speak_text", "line": 90}
{"timestamp": "2025-12-03T16:25:07.681573", "level": "INFO", "logger": "assistant.tts", "message": "TTS playback started for text: 'That command didn't work as expected. How would you like me to handle this differently?'", "module": "tts", "function": "_speak_text", "line": 83}
{"timestamp": "2025-12-03T16:25:13.601637", "level": "INFO", "logger": "assistant.tts", "message": "TTS playback completed for text: 'That command didn't work as expected. How would you like me to handle this differently?'", "module": "tts", "function": "_speak_text", "line": 90}
{"timestamp": "2025-12-03T16:25:13.868399", "level": "INFO", "logger": "assistant.tts", "message": "TTS playback started for text: 'Thanks for letting me know!'", "module": "tts", "function": "_speak_text", "line": 83}
{"timestamp": "2025-12-03T16:25:15.875120", "level": "INFO", "logger": "assistant.tts", "message": "TTS playback completed for text: 'Thanks for letting me know!'", "module": "tts", "function": "_speak_text", "line": 90}
{"timestamp": "2025-12-03T16:25:22.475033", "level": "INFO", "logger": "assistant.tts", "message": "TTS playback started for text: 'Your current location appears to be in Mumbai, Maharashtra, IN. Full address: Mumbai, Maharashtra, IN'", "module": "tts", "function": "_speak_text", "line": 83}
{"timestamp": "2025-12-03T16:25:33.612992", "level": "INFO", "logger": "assistant.tts", "message": "TTS playback completed for text: 'Your current location appears to be in Mumbai, Maharashtra, IN. Full address: Mumbai, Maharashtra, IN'", "module": "tts", "function": "_speak_text", "line": 90}
{"timestamp": "2025-12-03T16:25:34.358832", "level": "INFO", "logger": "assistant.tts", "message": "TTS playback started for text: 'Sorry, I didn't understand that command'", "module": "tts", "function": "_speak_text", "line": 83}
{"timestamp": "2025-12-03T16:25:37.869309", "level": "INFO", "logger": "assistant.tts", "message": "TTS playback completed for text: 'Sorry, I didn't understand that command'", "module": "tts", "function": "_speak_text", "line": 90}
{"timestamp": "2025-12-03T16:25:40.194317", "level": "INFO", "logger": "assistant.tts", "message": "TTS playback started for text: 'That command didn't work as expected. How would you like me to handle this differently?'", "module": "tts", "function": "_speak_text", "line": 83}
{"timestamp": "2025-12-03T16:25:46.112253", "level": "INFO", "logger": "assistant.tts", "message": "TTS playback completed for text: 'That command didn't work as expected. How would you like me to handle this differently?'", "module": "tts", "function": "_speak_text", "line": 90}
{"timestamp": "2025-12-03T16:25:46.397294", "level": "INFO", "logger": "assistant.tts", "message": "TTS playback started for text: 'Thanks for letting me know!'", "module": "tts", "function": "_speak_text", "line": 83}
{"timestamp": "2025-12-03T16:25:48.403999", "level": "INFO", "logger": "assistant.tts", "message": "TTS playback completed for text: 'Thanks for letting me know!'", "module": "tts", "function": "_speak_text", "line": 90}
{"timestamp": "2025-12-03T16:25:52.488030", "level": "INFO", "logger": "assistant.tts", "message": "TTS playback started for text: 'Sorry, I didn't understand that command'", "module": "tts", "function": "_speak_text", "line": 83}
{"timestamp": "2025-12-03T16:25:55.999980", "level": "INFO", "logger": "assistant.tts", "message": "TTS playback completed for text: 'Sorry, I didn't understand that command'", "module": "tts", "function": "_speak_text", "line": 90}
{"timestamp": "2025-12-03T16:25:58.333173", "level": "INFO", "logger": "assistant.tts", "message": "TTS playback started for text: 'That command didn't work as expected. How would you like me to handle this differently?'", "module": "tts", "function": "_speak_text", "line": 83}
{"timestamp": "2025-12-03T16:26:04.250721", "level": "INFO", "logger": "assistant.tts", "message": "TTS playback completed for text: 'That command didn't work as expected. How would you like me to handle this differently?'", "module": "tts", "function": "_speak_text", "line": 90}
{"timestamp": "2025-12-03T16:26:04.880513", "level": "INFO", "logger": "assistant.tts", "message": "TTS playback started for text: 'Thanks for letting me know!'", "module": "tts", "function": "_speak_text", "line": 83}
{"timestamp": "2025-12-03T16:26:06.886281", "level": "INFO", "logger": "assistant.tts", "message": "TTS playback completed for text: 'Thanks for letting me know!'", "module": "tts", "function": "_speak_text", "line": 90}
{"timestamp": "2025-12-03T16:42:05.887726", "level": "INFO", "logger": "assistant.tts", "message": "TTS playback started for text: 'JARVIS systems initializing'", "module": "tts", "function": "_speak_text", "line": 130}
{"timestamp": "2025-12-03T16:42:08.357711", "level": "INFO", "logger": "assistant.tts", "message": "TTS playback completed for text: 'JARVIS systems initializing'", "module": "tts", "function": "_speak_text", "line": 141}
{"timestamp": "2025-12-03T16:54:49.437443", "level": "INFO", "logger": "assistant.tts", "message": "TTS playback started for text: 'JARVIS systems initializing'", "module": "tts", "function": "_speak_text", "line": 130}
{"timestamp": "2025-12-03T16:54:51.849364", "level": "INFO", "logger": "assistant.tts", "message": "TTS playback completed for text: 'JARVIS systems initializing'", "module": "tts", "function": "_speak_text", "line": 141}
{"timestamp": "2025-12-03T16:56:27.162264", "level": "INFO", "logger": "assistant.tts", "message": "TTS playback started for text: 'JARVIS systems initializing'", "module": "tts", "function": "_speak_text", "line": 130}
{"timestamp": "2025-12-03T16:56:29.578759", "level": "INFO", "logger": "assistant.tts", "message": "TTS playback completed for text: 'JARVIS systems initializing'", "module": "tts", "function": "_speak_text", "line": 141}
{"timestamp": "2025-12-03T16:57:35.429636", "level": "INFO", "logger": "assistant.tts", "message": "TTS playback started for text: 'JARVIS systems initializing'", "module": "tts", "function": "_speak_text", "line": 130}
{"timestamp": "2025-12-03T16:57:37.846428", "level": "INFO", "logger": "assistant.tts", "message": "TTS playback completed for text: 'JARVIS systems initializing'", "module": "tts", "function": "_speak_text", "line": 141}
{"timestamp": "2025-12-03T17:04:46.138459", "level": "INFO", "logger": "assistant.tts", "message": "TTS playback started for text: 'JARVIS systems initializing'", "module": "tts", "function": "_speak_text", "line": 130}
{"timestamp": "2025-12-03T17:04:48.500108", "level": "INFO", "logger": "assistant.tts", "message": "TTS playback completed for text: 'JARVIS systems initializing'", "module": "tts", "function": "_speak_text", "line": 141}
{"timestamp": "2025-12-03T17:04:59.034708", "level": "INFO", "logger": "assistant.tts", "message": "TTS playback started for text: 'At your service, sir'", "module": "tts", "function": "_speak_text", "line": 130}
{"timestamp": "2025-12-03T17:04:59.114934", "level": "INFO", "logger": "assistant.tts", "message": "TTS playback completed for text: 'At your service, sir'", "module": "tts", "function": "_speak_text", "line": 141}
{"timestamp": "2025-12-03T17:05:02.463794", "level": "INFO", "logger": "assistant.tts", "message": "TTS playback started for text: 'I don't know how to open age'", "module": "tts", "function": "_speak_text", "line": 130}
{"timestamp": "2025-12-03T17:05:02.543429", "level": "INFO", "logger": "assistant.tts", "message": "TTS playback completed for text: 'I don't know how to open age'", "module": "tts", "function": "_speak_text", "line": 141}
{"timestamp": "2025-12-03T17:05:03.567606", "level": "INFO", "logger": "assistant.tts", "message": "TTS playback started for text: 'That command didn't work as expected. How would you like me to handle this differently?'", "module": "tts", "function": "_speak_text", "line": 130}
{"timestamp": "2025-12-03T17:05:03.641287", "level": "INFO", "logger": "assistant.tts", "message": "TTS playback completed for text: 'That command didn't work as expected. How would you like me to handle this differently?'", "module": "tts", "function": "_speak_text", "line": 141}
{"timestamp": "2025-12-03T17:05:10.299980", "level": "INFO", "logger": "assistant.tts", "message": "TTS playback started for text: 'Thanks for letting me know!'", "module": "tts", "function": "_speak_text", "line": 130}
{"timestamp": "2025-12-03T17:05:10.383510", "level": "INFO", "logger": "assistant.tts", "message": "TTS playback completed for text: 'Thanks for letting me know!'", "module": "tts", "function": "_speak_text", "line": 141}
{"timestamp": "2025-12-03T17:05:20.979756", "level": "INFO", "logger": "assistant.tts", "message": "TTS playback started for text: 'Launching Edge for you'", "module": "tts", "function": "_speak_text", "line": 130}
{"timestamp": "2025-12-03T17:05:21.065451", "level": "INFO", "logger": "assistant.tts", "message": "TTS playback completed for text: 'Launching Edge for you'", "module": "tts", "function": "_speak_text", "line": 141}
{"timestamp": "2025-12-03T17:05:31.780559", "level": "INFO", "logger": "assistant.tts", "message": "TTS playback started for text: 'Here's what I found about what is the: I found information about what is the, but couldn't get a concise summary. You might want to search manually.'", "module": "tts", "function": "_speak_text", "line": 130}
{"timestamp": "2025-12-03T17:05:31.866490", "level": "INFO", "logger": "assistant.tts", "message": "TTS playback completed for text: 'Here's what I found about what is the: I found information about what is the, but couldn't get a concise summary. You might want to search manually.'", "module": "tts", "function": "_speak_text", "line": 141}
